[35m[1mScanning dependencies of target listener[0m
[ 50%] [32mBuilding CXX object CMakeFiles/listener.dir/src/listener.cpp.o[0m
[100%] [32m[1mLinking CXX executable listener[0m
[100%] Built target listener
[100%] Built target listener
[36mInstall the project...[0m
-- Install configuration: ""
-- Execute custom install script
-- Symlinking: /home/qkx515/myros2_ws/install/mylistenercpp/lib/mylistenercpp/listener
-- Symlinking: /home/qkx515/myros2_ws/install/mylistenercpp/share/ament_index/resource_index/package_run_dependencies/mylistenercpp
-- Symlinking: /home/qkx515/myros2_ws/install/mylistenercpp/share/ament_index/resource_index/parent_prefix_path/mylistenercpp
-- Symlinking: /home/qkx515/myros2_ws/install/mylistenercpp/share/mylistenercpp/environment/ament_prefix_path.sh
-- Symlinking: /home/qkx515/myros2_ws/install/mylistenercpp/share/mylistenercpp/environment/path.sh
-- Symlinking: /home/qkx515/myros2_ws/install/mylistenercpp/share/mylistenercpp/local_setup.bash
-- Symlinking: /home/qkx515/myros2_ws/install/mylistenercpp/share/mylistenercpp/local_setup.sh
-- Symlinking: /home/qkx515/myros2_ws/install/mylistenercpp/share/mylistenercpp/local_setup.zsh
-- Symlinking: /home/qkx515/myros2_ws/install/mylistenercpp/share/ament_index/resource_index/packages/mylistenercpp
-- Symlinking: /home/qkx515/myros2_ws/install/mylistenercpp/share/mylistenercpp/cmake/mylistenercppConfig.cmake
-- Symlinking: /home/qkx515/myros2_ws/install/mylistenercpp/share/mylistenercpp/cmake/mylistenercppConfig-version.cmake
-- Symlinking: /home/qkx515/myros2_ws/install/mylistenercpp/share/mylistenercpp/package.xml
