[0.364s] DEBUG:colcon:Command line arguments: ['/usr/bin/colcon', 'build', '--symlink-install']
[0.364s] DEBUG:colcon:Parsed command line arguments: Namespace(ament_cmake_args=None, base_paths='.', bazel_args=None, bazel_task=None, build_base='build', catkin_cmake_args=None, cmake_args=None, cmake_clean_cache=False, cmake_clean_first=False, cmake_force_configure=False, cmake_target=None, cmake_target_skip_unavailable=False, event_handlers=None, executor='parallel', ignore_user_meta=False, install_base='install', log_base='log', log_level=None, main=<bound method BuildVerb.main of <colcon_core.verb.build.BuildVerb object at 0x7f57b877e518>>, merge_install=False, metas='./colcon.meta', mixin=None, mixin_verb=('build',), packages_above=None, packages_end=None, packages_ignore=None, packages_ignore_regex=None, packages_select=None, packages_select_by_dep=None, packages_select_regex=None, packages_skip=None, packages_skip_by_dep=None, packages_skip_regex=None, packages_start=None, packages_up_to=None, parallel_workers=4, paths=None, symlink_install=True, test_result_base=None, verb_name='build')
[0.409s] Level 1:colcon.colcon_core.package_discovery:discover_packages(colcon_meta) check parameters
[0.409s] Level 1:colcon.colcon_core.package_discovery:discover_packages(recursive) check parameters
[0.409s] Level 1:colcon.colcon_core.package_discovery:discover_packages(ignore) check parameters
[0.409s] Level 1:colcon.colcon_core.package_discovery:discover_packages(path) check parameters
[0.409s] Level 1:colcon.colcon_core.package_discovery:discover_packages(recursive) discover
[0.410s] INFO:colcon.colcon_core.package_discovery:Crawling recursively for packages in '/home/qkx515/myros2_ws'
[0.410s] Level 1:colcon.colcon_core.package_identification:_identify(/home/qkx515/myros2_ws) by extensions ['ignore', 'ignore_ament_install']
[0.410s] Level 1:colcon.colcon_core.package_identification:_identify(/home/qkx515/myros2_ws) by extension 'ignore'
[0.410s] Level 1:colcon.colcon_core.package_identification:_identify(/home/qkx515/myros2_ws) by extension 'ignore_ament_install'
[0.410s] Level 1:colcon.colcon_core.package_identification:_identify(/home/qkx515/myros2_ws) by extensions ['colcon_pkg']
[0.410s] Level 1:colcon.colcon_core.package_identification:_identify(/home/qkx515/myros2_ws) by extension 'colcon_pkg'
[0.411s] Level 1:colcon.colcon_core.package_identification:_identify(/home/qkx515/myros2_ws) by extensions ['colcon_meta']
[0.411s] Level 1:colcon.colcon_core.package_identification:_identify(/home/qkx515/myros2_ws) by extension 'colcon_meta'
[0.411s] Level 1:colcon.colcon_core.package_identification:_identify(/home/qkx515/myros2_ws) by extensions ['ros']
[0.411s] Level 1:colcon.colcon_core.package_identification:_identify(/home/qkx515/myros2_ws) by extension 'ros'
[0.414s] Level 1:colcon.colcon_core.package_identification:_identify(/home/qkx515/myros2_ws) by extensions ['bazel', 'cmake', 'python']
[0.415s] Level 1:colcon.colcon_core.package_identification:_identify(/home/qkx515/myros2_ws) by extension 'bazel'
[0.415s] Level 1:colcon.colcon_core.package_identification:_identify(/home/qkx515/myros2_ws) by extension 'cmake'
[0.415s] Level 1:colcon.colcon_core.package_identification:_identify(/home/qkx515/myros2_ws) by extension 'python'
[0.415s] Level 1:colcon.colcon_core.package_identification:_identify(/home/qkx515/myros2_ws) by extensions ['python_setup_py']
[0.415s] Level 1:colcon.colcon_core.package_identification:_identify(/home/qkx515/myros2_ws) by extension 'python_setup_py'
[0.415s] Level 1:colcon.colcon_core.package_identification:_identify(/home/qkx515/myros2_ws/build) by extensions ['ignore', 'ignore_ament_install']
[0.415s] Level 1:colcon.colcon_core.package_identification:_identify(/home/qkx515/myros2_ws/build) by extension 'ignore'
[0.415s] Level 1:colcon.colcon_core.package_identification:_identify(/home/qkx515/myros2_ws/build) ignored
[0.416s] Level 1:colcon.colcon_core.package_identification:_identify(/home/qkx515/myros2_ws/install) by extensions ['ignore', 'ignore_ament_install']
[0.416s] Level 1:colcon.colcon_core.package_identification:_identify(/home/qkx515/myros2_ws/install) by extension 'ignore'
[0.416s] Level 1:colcon.colcon_core.package_identification:_identify(/home/qkx515/myros2_ws/install) ignored
[0.416s] Level 1:colcon.colcon_core.package_identification:_identify(/home/qkx515/myros2_ws/log) by extensions ['ignore', 'ignore_ament_install']
[0.416s] Level 1:colcon.colcon_core.package_identification:_identify(/home/qkx515/myros2_ws/log) by extension 'ignore'
[0.416s] Level 1:colcon.colcon_core.package_identification:_identify(/home/qkx515/myros2_ws/log) ignored
[0.417s] Level 1:colcon.colcon_core.package_identification:_identify(/home/qkx515/myros2_ws/src) by extensions ['ignore', 'ignore_ament_install']
[0.417s] Level 1:colcon.colcon_core.package_identification:_identify(/home/qkx515/myros2_ws/src) by extension 'ignore'
[0.417s] Level 1:colcon.colcon_core.package_identification:_identify(/home/qkx515/myros2_ws/src) by extension 'ignore_ament_install'
[0.417s] Level 1:colcon.colcon_core.package_identification:_identify(/home/qkx515/myros2_ws/src) by extensions ['colcon_pkg']
[0.417s] Level 1:colcon.colcon_core.package_identification:_identify(/home/qkx515/myros2_ws/src) by extension 'colcon_pkg'
[0.417s] Level 1:colcon.colcon_core.package_identification:_identify(/home/qkx515/myros2_ws/src) by extensions ['colcon_meta']
[0.417s] Level 1:colcon.colcon_core.package_identification:_identify(/home/qkx515/myros2_ws/src) by extension 'colcon_meta'
[0.417s] Level 1:colcon.colcon_core.package_identification:_identify(/home/qkx515/myros2_ws/src) by extensions ['ros']
[0.417s] Level 1:colcon.colcon_core.package_identification:_identify(/home/qkx515/myros2_ws/src) by extension 'ros'
[0.418s] Level 1:colcon.colcon_core.package_identification:_identify(/home/qkx515/myros2_ws/src) by extensions ['bazel', 'cmake', 'python']
[0.418s] Level 1:colcon.colcon_core.package_identification:_identify(/home/qkx515/myros2_ws/src) by extension 'bazel'
[0.418s] Level 1:colcon.colcon_core.package_identification:_identify(/home/qkx515/myros2_ws/src) by extension 'cmake'
[0.418s] Level 1:colcon.colcon_core.package_identification:_identify(/home/qkx515/myros2_ws/src) by extension 'python'
[0.418s] Level 1:colcon.colcon_core.package_identification:_identify(/home/qkx515/myros2_ws/src) by extensions ['python_setup_py']
[0.418s] Level 1:colcon.colcon_core.package_identification:_identify(/home/qkx515/myros2_ws/src) by extension 'python_setup_py'
[0.418s] Level 1:colcon.colcon_core.package_identification:_identify(/home/qkx515/myros2_ws/src/mylistener) by extensions ['ignore', 'ignore_ament_install']
[0.418s] Level 1:colcon.colcon_core.package_identification:_identify(/home/qkx515/myros2_ws/src/mylistener) by extension 'ignore'
[0.419s] Level 1:colcon.colcon_core.package_identification:_identify(/home/qkx515/myros2_ws/src/mylistener) by extension 'ignore_ament_install'
[0.419s] Level 1:colcon.colcon_core.package_identification:_identify(/home/qkx515/myros2_ws/src/mylistener) by extensions ['colcon_pkg']
[0.419s] Level 1:colcon.colcon_core.package_identification:_identify(/home/qkx515/myros2_ws/src/mylistener) by extension 'colcon_pkg'
[0.419s] Level 1:colcon.colcon_core.package_identification:_identify(/home/qkx515/myros2_ws/src/mylistener) by extensions ['colcon_meta']
[0.419s] Level 1:colcon.colcon_core.package_identification:_identify(/home/qkx515/myros2_ws/src/mylistener) by extension 'colcon_meta'
[0.419s] Level 1:colcon.colcon_core.package_identification:_identify(/home/qkx515/myros2_ws/src/mylistener) by extensions ['ros']
[0.419s] Level 1:colcon.colcon_core.package_identification:_identify(/home/qkx515/myros2_ws/src/mylistener) by extension 'ros'
[0.423s] DEBUG:colcon.colcon_core.package_identification:Package '/home/qkx515/myros2_ws/src/mylistener' with type 'ros.ament_python' and name 'mylistener'
[0.423s] Level 1:colcon.colcon_core.package_identification:_identify(/home/qkx515/myros2_ws/src/mylistenercpp) by extensions ['ignore', 'ignore_ament_install']
[0.423s] Level 1:colcon.colcon_core.package_identification:_identify(/home/qkx515/myros2_ws/src/mylistenercpp) by extension 'ignore'
[0.423s] Level 1:colcon.colcon_core.package_identification:_identify(/home/qkx515/myros2_ws/src/mylistenercpp) by extension 'ignore_ament_install'
[0.424s] Level 1:colcon.colcon_core.package_identification:_identify(/home/qkx515/myros2_ws/src/mylistenercpp) by extensions ['colcon_pkg']
[0.424s] Level 1:colcon.colcon_core.package_identification:_identify(/home/qkx515/myros2_ws/src/mylistenercpp) by extension 'colcon_pkg'
[0.424s] Level 1:colcon.colcon_core.package_identification:_identify(/home/qkx515/myros2_ws/src/mylistenercpp) by extensions ['colcon_meta']
[0.424s] Level 1:colcon.colcon_core.package_identification:_identify(/home/qkx515/myros2_ws/src/mylistenercpp) by extension 'colcon_meta'
[0.424s] Level 1:colcon.colcon_core.package_identification:_identify(/home/qkx515/myros2_ws/src/mylistenercpp) by extensions ['ros']
[0.424s] Level 1:colcon.colcon_core.package_identification:_identify(/home/qkx515/myros2_ws/src/mylistenercpp) by extension 'ros'
[0.425s] DEBUG:colcon.colcon_core.package_identification:Package '/home/qkx515/myros2_ws/src/mylistenercpp' with type 'ros.ament_cmake' and name 'mylistenercpp'
[0.425s] Level 1:colcon.colcon_core.package_identification:_identify(/home/qkx515/myros2_ws/src/mytalker) by extensions ['ignore', 'ignore_ament_install']
[0.425s] Level 1:colcon.colcon_core.package_identification:_identify(/home/qkx515/myros2_ws/src/mytalker) by extension 'ignore'
[0.425s] Level 1:colcon.colcon_core.package_identification:_identify(/home/qkx515/myros2_ws/src/mytalker) by extension 'ignore_ament_install'
[0.425s] Level 1:colcon.colcon_core.package_identification:_identify(/home/qkx515/myros2_ws/src/mytalker) by extensions ['colcon_pkg']
[0.425s] Level 1:colcon.colcon_core.package_identification:_identify(/home/qkx515/myros2_ws/src/mytalker) by extension 'colcon_pkg'
[0.425s] Level 1:colcon.colcon_core.package_identification:_identify(/home/qkx515/myros2_ws/src/mytalker) by extensions ['colcon_meta']
[0.426s] Level 1:colcon.colcon_core.package_identification:_identify(/home/qkx515/myros2_ws/src/mytalker) by extension 'colcon_meta'
[0.426s] Level 1:colcon.colcon_core.package_identification:_identify(/home/qkx515/myros2_ws/src/mytalker) by extensions ['ros']
[0.426s] Level 1:colcon.colcon_core.package_identification:_identify(/home/qkx515/myros2_ws/src/mytalker) by extension 'ros'
[0.427s] DEBUG:colcon.colcon_core.package_identification:Package '/home/qkx515/myros2_ws/src/mytalker' with type 'ros.ament_python' and name 'mytalker'
[0.427s] Level 1:colcon.colcon_core.package_identification:_identify(/home/qkx515/myros2_ws/src/mytalkercpp) by extensions ['ignore', 'ignore_ament_install']
[0.427s] Level 1:colcon.colcon_core.package_identification:_identify(/home/qkx515/myros2_ws/src/mytalkercpp) by extension 'ignore'
[0.428s] Level 1:colcon.colcon_core.package_identification:_identify(/home/qkx515/myros2_ws/src/mytalkercpp) by extension 'ignore_ament_install'
[0.428s] Level 1:colcon.colcon_core.package_identification:_identify(/home/qkx515/myros2_ws/src/mytalkercpp) by extensions ['colcon_pkg']
[0.428s] Level 1:colcon.colcon_core.package_identification:_identify(/home/qkx515/myros2_ws/src/mytalkercpp) by extension 'colcon_pkg'
[0.428s] Level 1:colcon.colcon_core.package_identification:_identify(/home/qkx515/myros2_ws/src/mytalkercpp) by extensions ['colcon_meta']
[0.428s] Level 1:colcon.colcon_core.package_identification:_identify(/home/qkx515/myros2_ws/src/mytalkercpp) by extension 'colcon_meta'
[0.428s] Level 1:colcon.colcon_core.package_identification:_identify(/home/qkx515/myros2_ws/src/mytalkercpp) by extensions ['ros']
[0.428s] Level 1:colcon.colcon_core.package_identification:_identify(/home/qkx515/myros2_ws/src/mytalkercpp) by extension 'ros'
[0.429s] DEBUG:colcon.colcon_core.package_identification:Package '/home/qkx515/myros2_ws/src/mytalkercpp' with type 'ros.ament_cmake' and name 'mytalkercpp'
[0.429s] Level 1:colcon.colcon_core.package_discovery:discover_packages(recursive) using defaults
[0.434s] Level 5:colcon.colcon_core.verb:set package 'mylistener' build argument 'bazel_args' from command line to 'None'
[0.434s] Level 5:colcon.colcon_core.verb:set package 'mylistener' build argument 'bazel_task' from command line to 'None'
[0.434s] Level 5:colcon.colcon_core.verb:set package 'mylistener' build argument 'cmake_args' from command line to 'None'
[0.434s] Level 5:colcon.colcon_core.verb:set package 'mylistener' build argument 'cmake_target' from command line to 'None'
[0.434s] Level 5:colcon.colcon_core.verb:set package 'mylistener' build argument 'cmake_target_skip_unavailable' from command line to 'False'
[0.434s] Level 5:colcon.colcon_core.verb:set package 'mylistener' build argument 'cmake_clean_cache' from command line to 'False'
[0.434s] Level 5:colcon.colcon_core.verb:set package 'mylistener' build argument 'cmake_clean_first' from command line to 'False'
[0.434s] Level 5:colcon.colcon_core.verb:set package 'mylistener' build argument 'cmake_force_configure' from command line to 'False'
[0.434s] Level 5:colcon.colcon_core.verb:set package 'mylistener' build argument 'ament_cmake_args' from command line to 'None'
[0.434s] Level 5:colcon.colcon_core.verb:set package 'mylistener' build argument 'catkin_cmake_args' from command line to 'None'
[0.434s] DEBUG:colcon.colcon_core.verb:Building package 'mylistener' with the following arguments: {'ament_cmake_args': None, 'bazel_args': None, 'bazel_task': None, 'build_base': '/home/qkx515/myros2_ws/build/mylistener', 'catkin_cmake_args': None, 'cmake_args': None, 'cmake_clean_cache': False, 'cmake_clean_first': False, 'cmake_force_configure': False, 'cmake_target': None, 'cmake_target_skip_unavailable': False, 'install_base': '/home/qkx515/myros2_ws/install/mylistener', 'path': '/home/qkx515/myros2_ws/src/mylistener', 'symlink_install': True, 'test_result_base': None}
[0.437s] Level 5:colcon.colcon_core.verb:set package 'mylistenercpp' build argument 'bazel_args' from command line to 'None'
[0.437s] Level 5:colcon.colcon_core.verb:set package 'mylistenercpp' build argument 'bazel_task' from command line to 'None'
[0.437s] Level 5:colcon.colcon_core.verb:set package 'mylistenercpp' build argument 'cmake_args' from command line to 'None'
[0.437s] Level 5:colcon.colcon_core.verb:set package 'mylistenercpp' build argument 'cmake_target' from command line to 'None'
[0.437s] Level 5:colcon.colcon_core.verb:set package 'mylistenercpp' build argument 'cmake_target_skip_unavailable' from command line to 'False'
[0.437s] Level 5:colcon.colcon_core.verb:set package 'mylistenercpp' build argument 'cmake_clean_cache' from command line to 'False'
[0.437s] Level 5:colcon.colcon_core.verb:set package 'mylistenercpp' build argument 'cmake_clean_first' from command line to 'False'
[0.437s] Level 5:colcon.colcon_core.verb:set package 'mylistenercpp' build argument 'cmake_force_configure' from command line to 'False'
[0.437s] Level 5:colcon.colcon_core.verb:set package 'mylistenercpp' build argument 'ament_cmake_args' from command line to 'None'
[0.437s] Level 5:colcon.colcon_core.verb:set package 'mylistenercpp' build argument 'catkin_cmake_args' from command line to 'None'
[0.437s] DEBUG:colcon.colcon_core.verb:Building package 'mylistenercpp' with the following arguments: {'ament_cmake_args': None, 'bazel_args': None, 'bazel_task': None, 'build_base': '/home/qkx515/myros2_ws/build/mylistenercpp', 'catkin_cmake_args': None, 'cmake_args': None, 'cmake_clean_cache': False, 'cmake_clean_first': False, 'cmake_force_configure': False, 'cmake_target': None, 'cmake_target_skip_unavailable': False, 'install_base': '/home/qkx515/myros2_ws/install/mylistenercpp', 'path': '/home/qkx515/myros2_ws/src/mylistenercpp', 'symlink_install': True, 'test_result_base': None}
[0.440s] Level 5:colcon.colcon_core.verb:set package 'mytalker' build argument 'bazel_args' from command line to 'None'
[0.440s] Level 5:colcon.colcon_core.verb:set package 'mytalker' build argument 'bazel_task' from command line to 'None'
[0.440s] Level 5:colcon.colcon_core.verb:set package 'mytalker' build argument 'cmake_args' from command line to 'None'
[0.440s] Level 5:colcon.colcon_core.verb:set package 'mytalker' build argument 'cmake_target' from command line to 'None'
[0.440s] Level 5:colcon.colcon_core.verb:set package 'mytalker' build argument 'cmake_target_skip_unavailable' from command line to 'False'
[0.440s] Level 5:colcon.colcon_core.verb:set package 'mytalker' build argument 'cmake_clean_cache' from command line to 'False'
[0.440s] Level 5:colcon.colcon_core.verb:set package 'mytalker' build argument 'cmake_clean_first' from command line to 'False'
[0.441s] Level 5:colcon.colcon_core.verb:set package 'mytalker' build argument 'cmake_force_configure' from command line to 'False'
[0.441s] Level 5:colcon.colcon_core.verb:set package 'mytalker' build argument 'ament_cmake_args' from command line to 'None'
[0.441s] Level 5:colcon.colcon_core.verb:set package 'mytalker' build argument 'catkin_cmake_args' from command line to 'None'
[0.441s] DEBUG:colcon.colcon_core.verb:Building package 'mytalker' with the following arguments: {'ament_cmake_args': None, 'bazel_args': None, 'bazel_task': None, 'build_base': '/home/qkx515/myros2_ws/build/mytalker', 'catkin_cmake_args': None, 'cmake_args': None, 'cmake_clean_cache': False, 'cmake_clean_first': False, 'cmake_force_configure': False, 'cmake_target': None, 'cmake_target_skip_unavailable': False, 'install_base': '/home/qkx515/myros2_ws/install/mytalker', 'path': '/home/qkx515/myros2_ws/src/mytalker', 'symlink_install': True, 'test_result_base': None}
[0.444s] Level 5:colcon.colcon_core.verb:set package 'mytalkercpp' build argument 'bazel_args' from command line to 'None'
[0.444s] Level 5:colcon.colcon_core.verb:set package 'mytalkercpp' build argument 'bazel_task' from command line to 'None'
[0.444s] Level 5:colcon.colcon_core.verb:set package 'mytalkercpp' build argument 'cmake_args' from command line to 'None'
[0.444s] Level 5:colcon.colcon_core.verb:set package 'mytalkercpp' build argument 'cmake_target' from command line to 'None'
[0.444s] Level 5:colcon.colcon_core.verb:set package 'mytalkercpp' build argument 'cmake_target_skip_unavailable' from command line to 'False'
[0.444s] Level 5:colcon.colcon_core.verb:set package 'mytalkercpp' build argument 'cmake_clean_cache' from command line to 'False'
[0.444s] Level 5:colcon.colcon_core.verb:set package 'mytalkercpp' build argument 'cmake_clean_first' from command line to 'False'
[0.444s] Level 5:colcon.colcon_core.verb:set package 'mytalkercpp' build argument 'cmake_force_configure' from command line to 'False'
[0.444s] Level 5:colcon.colcon_core.verb:set package 'mytalkercpp' build argument 'ament_cmake_args' from command line to 'None'
[0.444s] Level 5:colcon.colcon_core.verb:set package 'mytalkercpp' build argument 'catkin_cmake_args' from command line to 'None'
[0.444s] DEBUG:colcon.colcon_core.verb:Building package 'mytalkercpp' with the following arguments: {'ament_cmake_args': None, 'bazel_args': None, 'bazel_task': None, 'build_base': '/home/qkx515/myros2_ws/build/mytalkercpp', 'catkin_cmake_args': None, 'cmake_args': None, 'cmake_clean_cache': False, 'cmake_clean_first': False, 'cmake_force_configure': False, 'cmake_target': None, 'cmake_target_skip_unavailable': False, 'install_base': '/home/qkx515/myros2_ws/install/mytalkercpp', 'path': '/home/qkx515/myros2_ws/src/mytalkercpp', 'symlink_install': True, 'test_result_base': None}
[0.446s] INFO:colcon.colcon_core.executor:Executing jobs using 'parallel' executor
[0.446s] DEBUG:colcon.colcon_parallel_executor.executor.parallel:run_until_complete
[0.447s] INFO:colcon.colcon_ros.task.ament_python.build:Building ROS package in '/home/qkx515/myros2_ws/src/mylistener' with build type 'ament_python'
[0.447s] Level 1:colcon.colcon_core.shell:create_environment_hook('mylistener', 'ament_prefix_path')
[0.452s] INFO:colcon.colcon_core.plugin_system:Skipping extension 'colcon_core.shell.bat': Not used on non-Windows systems
[0.453s] INFO:colcon.colcon_core.shell:Creating environment hook '/home/qkx515/myros2_ws/install/mylistener/share/mylistener/hook/ament_prefix_path.ps1'
[0.453s] INFO:colcon.colcon_core.shell:Creating environment hook '/home/qkx515/myros2_ws/install/mylistener/share/mylistener/hook/ament_prefix_path.sh'
[0.454s] INFO:colcon.colcon_core.task.python.build:Building Python package in '/home/qkx515/myros2_ws/src/mylistener'
[0.455s] INFO:colcon.colcon_core.shell:Skip shell extension 'powershell' for command environment: Not usable outside of PowerShell
[0.458s] INFO:colcon.colcon_ros.task.ament_cmake.build:Building ROS package in '/home/qkx515/myros2_ws/src/mylistenercpp' with build type 'ament_cmake'
[0.460s] INFO:colcon.colcon_cmake.task.cmake.build:Building CMake package in '/home/qkx515/myros2_ws/src/mylistenercpp'
[0.461s] INFO:colcon.colcon_core.shell:Skip shell extension 'powershell' for command environment: Not usable outside of PowerShell
[0.465s] INFO:colcon.colcon_ros.task.ament_python.build:Building ROS package in '/home/qkx515/myros2_ws/src/mytalker' with build type 'ament_python'
[0.466s] Level 1:colcon.colcon_core.shell:create_environment_hook('mytalker', 'ament_prefix_path')
[0.467s] INFO:colcon.colcon_core.shell:Creating environment hook '/home/qkx515/myros2_ws/install/mytalker/share/mytalker/hook/ament_prefix_path.ps1'
[0.468s] INFO:colcon.colcon_core.shell:Creating environment hook '/home/qkx515/myros2_ws/install/mytalker/share/mytalker/hook/ament_prefix_path.sh'
[0.469s] INFO:colcon.colcon_core.task.python.build:Building Python package in '/home/qkx515/myros2_ws/src/mytalker'
[0.469s] INFO:colcon.colcon_core.shell:Skip shell extension 'powershell' for command environment: Not usable outside of PowerShell
[0.472s] INFO:colcon.colcon_ros.task.ament_cmake.build:Building ROS package in '/home/qkx515/myros2_ws/src/mytalkercpp' with build type 'ament_cmake'
[0.474s] INFO:colcon.colcon_cmake.task.cmake.build:Building CMake package in '/home/qkx515/myros2_ws/src/mytalkercpp'
[0.475s] INFO:colcon.colcon_core.shell:Skip shell extension 'powershell' for command environment: Not usable outside of PowerShell
[0.767s] DEBUG:colcon.colcon_core.event_handler.log_command:Invoking command in '/home/qkx515/myros2_ws/build/mylistener': PYTHONPATH=/home/qkx515/myros2_ws/install/mylistener/lib/python3.6/site-packages:${PYTHONPATH} /usr/bin/python3 setup.py develop --prefix /home/qkx515/myros2_ws/install/mylistener --no-deps install_data --install-dir /home/qkx515/myros2_ws/install/mylistener
[0.781s] DEBUG:colcon.colcon_core.event_handler.log_command:Invoking command in '/home/qkx515/myros2_ws/build/mylistenercpp': /usr/bin/cmake /home/qkx515/myros2_ws/src/mylistenercpp -DAMENT_CMAKE_SYMLINK_INSTALL=1 -DCMAKE_PREFIX_PATH=/home/qkx515/myros2_ws/install/mytalkercpp;/home/qkx515/myros2_ws/install/mytalker;/home/qkx515/myros2_ws/install/mylistener;/home/qkx515/myros2_ws/install/examples_rclpy_minimal_publisher;/opt/ros/bouncy;/home/qkx515/myros2_ws/install/mytalkercpp -DCMAKE_INSTALL_PREFIX=/home/qkx515/myros2_ws/install/mylistenercpp
[1.210s] DEBUG:colcon.colcon_core.event_handler.log_command:Invoking command in '/home/qkx515/myros2_ws/build/mytalker': PYTHONPATH=/home/qkx515/myros2_ws/install/mytalker/lib/python3.6/site-packages:${PYTHONPATH} /usr/bin/python3 setup.py develop --prefix /home/qkx515/myros2_ws/install/mytalker --no-deps install_data --install-dir /home/qkx515/myros2_ws/install/mytalker
[1.216s] DEBUG:colcon.colcon_core.event_handler.log_command:Invoking command in '/home/qkx515/myros2_ws/build/mytalkercpp': /usr/bin/cmake /home/qkx515/myros2_ws/src/mytalkercpp -DAMENT_CMAKE_SYMLINK_INSTALL=1 -DCMAKE_PREFIX_PATH=/home/qkx515/myros2_ws/install/mytalkercpp;/home/qkx515/myros2_ws/install/mytalker;/home/qkx515/myros2_ws/install/mylistener;/home/qkx515/myros2_ws/install/examples_rclpy_minimal_publisher;/opt/ros/bouncy;/home/qkx515/myros2_ws/install/mytalkercpp -DCMAKE_INSTALL_PREFIX=/home/qkx515/myros2_ws/install/mytalkercpp
[1.452s] DEBUG:colcon.colcon_core.event_handler.log_command:Invoked command in '/home/qkx515/myros2_ws/build/mylistenercpp' returned '0': /usr/bin/cmake /home/qkx515/myros2_ws/src/mylistenercpp -DAMENT_CMAKE_SYMLINK_INSTALL=1 -DCMAKE_PREFIX_PATH=/home/qkx515/myros2_ws/install/mytalkercpp;/home/qkx515/myros2_ws/install/mytalker;/home/qkx515/myros2_ws/install/mylistener;/home/qkx515/myros2_ws/install/examples_rclpy_minimal_publisher;/opt/ros/bouncy;/home/qkx515/myros2_ws/install/mytalkercpp -DCMAKE_INSTALL_PREFIX=/home/qkx515/myros2_ws/install/mylistenercpp
[1.455s] DEBUG:colcon.colcon_core.event_handler.log_command:Invoking command in '/home/qkx515/myros2_ws/build/mylistenercpp': /usr/bin/cmake --build /home/qkx515/myros2_ws/build/mylistenercpp -- -j4 -l4
[1.613s] DEBUG:colcon.colcon_core.event_handler.log_command:Invoked command in '/home/qkx515/myros2_ws/build/mylistenercpp' returned '0': /usr/bin/cmake --build /home/qkx515/myros2_ws/build/mylistenercpp -- -j4 -l4
[1.637s] DEBUG:colcon.colcon_core.event_handler.log_command:Invoked command in '/home/qkx515/myros2_ws/build/mylistener' returned '0': PYTHONPATH=/home/qkx515/myros2_ws/install/mylistener/lib/python3.6/site-packages:${PYTHONPATH} /usr/bin/python3 setup.py develop --prefix /home/qkx515/myros2_ws/install/mylistener --no-deps install_data --install-dir /home/qkx515/myros2_ws/install/mylistener
[1.641s] Level 1:colcon.colcon_core.environment:checking '/home/qkx515/myros2_ws/install/mylistener' for CMake module files
[1.643s] Level 1:colcon.colcon_core.environment:checking '/home/qkx515/myros2_ws/install/mylistener' for CMake config files
[1.644s] Level 1:colcon.colcon_core.environment:checking '/home/qkx515/myros2_ws/install/mylistener/lib'
[1.645s] Level 1:colcon.colcon_core.environment:checking '/home/qkx515/myros2_ws/install/mylistener/bin'
[1.645s] Level 1:colcon.colcon_core.environment:checking '/home/qkx515/myros2_ws/install/mylistener/lib/pkgconfig/mylistener.pc'
[1.645s] Level 1:colcon.colcon_core.environment:checking '/home/qkx515/myros2_ws/install/mylistener/lib/python3.6/site-packages'
[1.645s] Level 1:colcon.colcon_core.shell:create_environment_hook('mylistener', 'pythonpath')
[1.647s] INFO:colcon.colcon_core.shell:Creating environment hook '/home/qkx515/myros2_ws/install/mylistener/share/mylistener/hook/pythonpath.ps1'
[1.648s] INFO:colcon.colcon_core.shell:Creating environment hook '/home/qkx515/myros2_ws/install/mylistener/share/mylistener/hook/pythonpath.sh'
[1.649s] Level 1:colcon.colcon_core.environment:create_environment_scripts()
[1.650s] INFO:colcon.colcon_core.shell:Creating package script '/home/qkx515/myros2_ws/install/mylistener/share/mylistener/package.ps1'
[1.653s] INFO:colcon.colcon_core.shell:Creating package script '/home/qkx515/myros2_ws/install/mylistener/share/mylistener/package.sh'
[1.655s] INFO:colcon.colcon_core.shell:Creating package script '/home/qkx515/myros2_ws/install/mylistener/share/mylistener/package.bash'
[1.657s] INFO:colcon.colcon_core.shell:Creating package script '/home/qkx515/myros2_ws/install/mylistener/share/mylistener/package.zsh'
[1.687s] DEBUG:colcon.colcon_core.event_handler.log_command:Invoking command in '/home/qkx515/myros2_ws/build/mylistenercpp': /usr/bin/cmake --build /home/qkx515/myros2_ws/build/mylistenercpp --target install
[1.853s] Level 1:colcon.colcon_core.environment:create_environment_scripts()
[1.855s] Level 1:colcon.colcon_core.environment:checking '/home/qkx515/myros2_ws/install/mylistenercpp' for CMake module files
[1.856s] DEBUG:colcon.colcon_core.event_handler.log_command:Invoked command in '/home/qkx515/myros2_ws/build/mylistenercpp' returned '0': /usr/bin/cmake --build /home/qkx515/myros2_ws/build/mylistenercpp --target install
[1.857s] Level 1:colcon.colcon_core.environment:checking '/home/qkx515/myros2_ws/install/mylistenercpp' for CMake config files
[1.858s] Level 1:colcon.colcon_core.shell:create_environment_hook('mylistenercpp', 'cmake_prefix_path')
[1.859s] INFO:colcon.colcon_core.shell:Creating environment hook '/home/qkx515/myros2_ws/install/mylistenercpp/share/mylistenercpp/hook/cmake_prefix_path.ps1'
[1.860s] INFO:colcon.colcon_core.shell:Creating environment hook '/home/qkx515/myros2_ws/install/mylistenercpp/share/mylistenercpp/hook/cmake_prefix_path.sh'
[1.862s] Level 1:colcon.colcon_core.environment:checking '/home/qkx515/myros2_ws/install/mylistenercpp/lib'
[1.862s] Level 1:colcon.colcon_core.environment:checking '/home/qkx515/myros2_ws/install/mylistenercpp/bin'
[1.863s] Level 1:colcon.colcon_core.environment:checking '/home/qkx515/myros2_ws/install/mylistenercpp/lib/pkgconfig/mylistenercpp.pc'
[1.863s] Level 1:colcon.colcon_core.environment:checking '/home/qkx515/myros2_ws/install/mylistenercpp/lib/python3.6/site-packages'
[1.865s] INFO:colcon.colcon_core.shell:Creating package script '/home/qkx515/myros2_ws/install/mylistenercpp/share/mylistenercpp/package.ps1'
[1.866s] INFO:colcon.colcon_core.shell:Creating package script '/home/qkx515/myros2_ws/install/mylistenercpp/share/mylistenercpp/package.sh'
[1.867s] INFO:colcon.colcon_core.shell:Creating package script '/home/qkx515/myros2_ws/install/mylistenercpp/share/mylistenercpp/package.bash'
[1.868s] INFO:colcon.colcon_core.shell:Creating package script '/home/qkx515/myros2_ws/install/mylistenercpp/share/mylistenercpp/package.zsh'
[1.998s] Level 1:colcon.colcon_core.environment:checking '/home/qkx515/myros2_ws/install/mytalker' for CMake module files
[2.000s] Level 1:colcon.colcon_core.environment:checking '/home/qkx515/myros2_ws/install/mytalker' for CMake config files
[2.001s] DEBUG:colcon.colcon_core.event_handler.log_command:Invoked command in '/home/qkx515/myros2_ws/build/mytalker' returned '0': PYTHONPATH=/home/qkx515/myros2_ws/install/mytalker/lib/python3.6/site-packages:${PYTHONPATH} /usr/bin/python3 setup.py develop --prefix /home/qkx515/myros2_ws/install/mytalker --no-deps install_data --install-dir /home/qkx515/myros2_ws/install/mytalker
[2.002s] Level 1:colcon.colcon_core.environment:checking '/home/qkx515/myros2_ws/install/mytalker/lib'
[2.002s] Level 1:colcon.colcon_core.environment:checking '/home/qkx515/myros2_ws/install/mytalker/bin'
[2.002s] Level 1:colcon.colcon_core.environment:checking '/home/qkx515/myros2_ws/install/mytalker/lib/pkgconfig/mytalker.pc'
[2.002s] Level 1:colcon.colcon_core.environment:checking '/home/qkx515/myros2_ws/install/mytalker/lib/python3.6/site-packages'
[2.002s] Level 1:colcon.colcon_core.shell:create_environment_hook('mytalker', 'pythonpath')
[2.003s] INFO:colcon.colcon_core.shell:Creating environment hook '/home/qkx515/myros2_ws/install/mytalker/share/mytalker/hook/pythonpath.ps1'
[2.004s] INFO:colcon.colcon_core.shell:Creating environment hook '/home/qkx515/myros2_ws/install/mytalker/share/mytalker/hook/pythonpath.sh'
[2.005s] Level 1:colcon.colcon_core.environment:create_environment_scripts()
[2.006s] INFO:colcon.colcon_core.shell:Creating package script '/home/qkx515/myros2_ws/install/mytalker/share/mytalker/package.ps1'
[2.006s] INFO:colcon.colcon_core.shell:Creating package script '/home/qkx515/myros2_ws/install/mytalker/share/mytalker/package.sh'
[2.007s] INFO:colcon.colcon_core.shell:Creating package script '/home/qkx515/myros2_ws/install/mytalker/share/mytalker/package.bash'
[2.008s] INFO:colcon.colcon_core.shell:Creating package script '/home/qkx515/myros2_ws/install/mytalker/share/mytalker/package.zsh'
[2.013s] DEBUG:colcon.colcon_core.event_handler.log_command:Invoked command in '/home/qkx515/myros2_ws/build/mytalkercpp' returned '0': /usr/bin/cmake /home/qkx515/myros2_ws/src/mytalkercpp -DAMENT_CMAKE_SYMLINK_INSTALL=1 -DCMAKE_PREFIX_PATH=/home/qkx515/myros2_ws/install/mytalkercpp;/home/qkx515/myros2_ws/install/mytalker;/home/qkx515/myros2_ws/install/mylistener;/home/qkx515/myros2_ws/install/examples_rclpy_minimal_publisher;/opt/ros/bouncy;/home/qkx515/myros2_ws/install/mytalkercpp -DCMAKE_INSTALL_PREFIX=/home/qkx515/myros2_ws/install/mytalkercpp
[2.015s] DEBUG:colcon.colcon_core.event_handler.log_command:Invoking command in '/home/qkx515/myros2_ws/build/mytalkercpp': /usr/bin/cmake --build /home/qkx515/myros2_ws/build/mytalkercpp -- -j4 -l4
[2.106s] DEBUG:colcon.colcon_core.event_handler.log_command:Invoked command in '/home/qkx515/myros2_ws/build/mytalkercpp' returned '0': /usr/bin/cmake --build /home/qkx515/myros2_ws/build/mytalkercpp -- -j4 -l4
[2.146s] DEBUG:colcon.colcon_core.event_handler.log_command:Invoking command in '/home/qkx515/myros2_ws/build/mytalkercpp': /usr/bin/cmake --build /home/qkx515/myros2_ws/build/mytalkercpp --target install
[2.259s] Level 1:colcon.colcon_core.environment:create_environment_scripts()
[2.260s] Level 1:colcon.colcon_core.environment:checking '/home/qkx515/myros2_ws/install/mytalkercpp' for CMake module files
[2.261s] DEBUG:colcon.colcon_core.event_handler.log_command:Invoked command in '/home/qkx515/myros2_ws/build/mytalkercpp' returned '0': /usr/bin/cmake --build /home/qkx515/myros2_ws/build/mytalkercpp --target install
[2.262s] Level 1:colcon.colcon_core.environment:checking '/home/qkx515/myros2_ws/install/mytalkercpp' for CMake config files
[2.262s] Level 1:colcon.colcon_core.shell:create_environment_hook('mytalkercpp', 'cmake_prefix_path')
[2.263s] INFO:colcon.colcon_core.shell:Creating environment hook '/home/qkx515/myros2_ws/install/mytalkercpp/share/mytalkercpp/hook/cmake_prefix_path.ps1'
[2.263s] INFO:colcon.colcon_core.shell:Creating environment hook '/home/qkx515/myros2_ws/install/mytalkercpp/share/mytalkercpp/hook/cmake_prefix_path.sh'
[2.264s] Level 1:colcon.colcon_core.environment:checking '/home/qkx515/myros2_ws/install/mytalkercpp/lib'
[2.265s] Level 1:colcon.colcon_core.environment:checking '/home/qkx515/myros2_ws/install/mytalkercpp/bin'
[2.265s] Level 1:colcon.colcon_core.environment:checking '/home/qkx515/myros2_ws/install/mytalkercpp/lib/pkgconfig/mytalkercpp.pc'
[2.265s] Level 1:colcon.colcon_core.environment:checking '/home/qkx515/myros2_ws/install/mytalkercpp/lib/python3.6/site-packages'
[2.266s] INFO:colcon.colcon_core.shell:Creating package script '/home/qkx515/myros2_ws/install/mytalkercpp/share/mytalkercpp/package.ps1'
[2.266s] INFO:colcon.colcon_core.shell:Creating package script '/home/qkx515/myros2_ws/install/mytalkercpp/share/mytalkercpp/package.sh'
[2.267s] INFO:colcon.colcon_core.shell:Creating package script '/home/qkx515/myros2_ws/install/mytalkercpp/share/mytalkercpp/package.bash'
[2.267s] INFO:colcon.colcon_core.shell:Creating package script '/home/qkx515/myros2_ws/install/mytalkercpp/share/mytalkercpp/package.zsh'
[2.268s] DEBUG:colcon.colcon_parallel_executor.executor.parallel:closing loop
[2.269s] DEBUG:colcon.colcon_parallel_executor.executor.parallel:loop closed
[2.270s] DEBUG:colcon.colcon_parallel_executor.executor.parallel:run_until_complete finished with '0'
[2.270s] DEBUG:colcon.colcon_core.event_reactor:joining thread
[2.277s] INFO:colcon.colcon_core.plugin_system:Skipping extension 'colcon_notification.desktop_notification.terminal_notifier': Not used on non-Darwin systems
[2.277s] INFO:colcon.colcon_core.plugin_system:Skipping extension 'colcon_notification.desktop_notification.win32': Not used on non-Windows systems
[2.277s] INFO:colcon.colcon_notification.desktop_notification:Sending desktop notification using 'notify2'
[2.281s] DEBUG:colcon.colcon_core.event_reactor:joined thread
[2.282s] INFO:colcon.colcon_core.shell:Creating prefix script '/home/qkx515/myros2_ws/install/local_setup.ps1'
[2.285s] INFO:colcon.colcon_core.shell:Creating prefix chain script '/home/qkx515/myros2_ws/install/setup.ps1'
[2.287s] INFO:colcon.colcon_core.shell:Creating prefix script '/home/qkx515/myros2_ws/install/local_setup.sh'
[2.289s] INFO:colcon.colcon_core.shell:Creating prefix chain script '/home/qkx515/myros2_ws/install/setup.sh'
[2.291s] INFO:colcon.colcon_core.shell:Creating prefix script '/home/qkx515/myros2_ws/install/local_setup.bash'
[2.292s] INFO:colcon.colcon_core.shell:Creating prefix chain script '/home/qkx515/myros2_ws/install/setup.bash'
[2.293s] INFO:colcon.colcon_core.shell:Creating prefix script '/home/qkx515/myros2_ws/install/local_setup.zsh'
[2.294s] INFO:colcon.colcon_core.shell:Creating prefix chain script '/home/qkx515/myros2_ws/install/setup.zsh'
