[0.362s] DEBUG:colcon:Command line arguments: ['/usr/bin/colcon', 'build', '--symlink-install']
[0.362s] DEBUG:colcon:Parsed command line arguments: Namespace(ament_cmake_args=None, base_paths='.', bazel_args=None, bazel_task=None, build_base='build', catkin_cmake_args=None, cmake_args=None, cmake_clean_cache=False, cmake_clean_first=False, cmake_force_configure=False, cmake_target=None, cmake_target_skip_unavailable=False, event_handlers=None, executor='parallel', ignore_user_meta=False, install_base='install', log_base='log', log_level=None, main=<bound method BuildVerb.main of <colcon_core.verb.build.BuildVerb object at 0x7fa8b73fe518>>, merge_install=False, metas='./colcon.meta', mixin=None, mixin_verb=('build',), packages_above=None, packages_end=None, packages_ignore=None, packages_ignore_regex=None, packages_select=None, packages_select_by_dep=None, packages_select_regex=None, packages_skip=None, packages_skip_by_dep=None, packages_skip_regex=None, packages_start=None, packages_up_to=None, parallel_workers=4, paths=None, symlink_install=True, test_result_base=None, verb_name='build')
[0.406s] Level 1:colcon.colcon_core.package_discovery:discover_packages(colcon_meta) check parameters
[0.406s] Level 1:colcon.colcon_core.package_discovery:discover_packages(recursive) check parameters
[0.406s] Level 1:colcon.colcon_core.package_discovery:discover_packages(ignore) check parameters
[0.406s] Level 1:colcon.colcon_core.package_discovery:discover_packages(path) check parameters
[0.406s] Level 1:colcon.colcon_core.package_discovery:discover_packages(recursive) discover
[0.407s] INFO:colcon.colcon_core.package_discovery:Crawling recursively for packages in '/home/qkx515/myros2_ws'
[0.407s] Level 1:colcon.colcon_core.package_identification:_identify(/home/qkx515/myros2_ws) by extensions ['ignore', 'ignore_ament_install']
[0.407s] Level 1:colcon.colcon_core.package_identification:_identify(/home/qkx515/myros2_ws) by extension 'ignore'
[0.407s] Level 1:colcon.colcon_core.package_identification:_identify(/home/qkx515/myros2_ws) by extension 'ignore_ament_install'
[0.407s] Level 1:colcon.colcon_core.package_identification:_identify(/home/qkx515/myros2_ws) by extensions ['colcon_pkg']
[0.407s] Level 1:colcon.colcon_core.package_identification:_identify(/home/qkx515/myros2_ws) by extension 'colcon_pkg'
[0.407s] Level 1:colcon.colcon_core.package_identification:_identify(/home/qkx515/myros2_ws) by extensions ['colcon_meta']
[0.408s] Level 1:colcon.colcon_core.package_identification:_identify(/home/qkx515/myros2_ws) by extension 'colcon_meta'
[0.408s] Level 1:colcon.colcon_core.package_identification:_identify(/home/qkx515/myros2_ws) by extensions ['ros']
[0.408s] Level 1:colcon.colcon_core.package_identification:_identify(/home/qkx515/myros2_ws) by extension 'ros'
[0.411s] Level 1:colcon.colcon_core.package_identification:_identify(/home/qkx515/myros2_ws) by extensions ['bazel', 'cmake', 'python']
[0.412s] Level 1:colcon.colcon_core.package_identification:_identify(/home/qkx515/myros2_ws) by extension 'bazel'
[0.412s] Level 1:colcon.colcon_core.package_identification:_identify(/home/qkx515/myros2_ws) by extension 'cmake'
[0.412s] Level 1:colcon.colcon_core.package_identification:_identify(/home/qkx515/myros2_ws) by extension 'python'
[0.412s] Level 1:colcon.colcon_core.package_identification:_identify(/home/qkx515/myros2_ws) by extensions ['python_setup_py']
[0.412s] Level 1:colcon.colcon_core.package_identification:_identify(/home/qkx515/myros2_ws) by extension 'python_setup_py'
[0.412s] Level 1:colcon.colcon_core.package_identification:_identify(/home/qkx515/myros2_ws/build) by extensions ['ignore', 'ignore_ament_install']
[0.413s] Level 1:colcon.colcon_core.package_identification:_identify(/home/qkx515/myros2_ws/build) by extension 'ignore'
[0.413s] Level 1:colcon.colcon_core.package_identification:_identify(/home/qkx515/myros2_ws/build) ignored
[0.413s] Level 1:colcon.colcon_core.package_identification:_identify(/home/qkx515/myros2_ws/install) by extensions ['ignore', 'ignore_ament_install']
[0.413s] Level 1:colcon.colcon_core.package_identification:_identify(/home/qkx515/myros2_ws/install) by extension 'ignore'
[0.413s] Level 1:colcon.colcon_core.package_identification:_identify(/home/qkx515/myros2_ws/install) ignored
[0.413s] Level 1:colcon.colcon_core.package_identification:_identify(/home/qkx515/myros2_ws/log) by extensions ['ignore', 'ignore_ament_install']
[0.414s] Level 1:colcon.colcon_core.package_identification:_identify(/home/qkx515/myros2_ws/log) by extension 'ignore'
[0.414s] Level 1:colcon.colcon_core.package_identification:_identify(/home/qkx515/myros2_ws/log) ignored
[0.414s] Level 1:colcon.colcon_core.package_identification:_identify(/home/qkx515/myros2_ws/src) by extensions ['ignore', 'ignore_ament_install']
[0.414s] Level 1:colcon.colcon_core.package_identification:_identify(/home/qkx515/myros2_ws/src) by extension 'ignore'
[0.414s] Level 1:colcon.colcon_core.package_identification:_identify(/home/qkx515/myros2_ws/src) by extension 'ignore_ament_install'
[0.414s] Level 1:colcon.colcon_core.package_identification:_identify(/home/qkx515/myros2_ws/src) by extensions ['colcon_pkg']
[0.414s] Level 1:colcon.colcon_core.package_identification:_identify(/home/qkx515/myros2_ws/src) by extension 'colcon_pkg'
[0.414s] Level 1:colcon.colcon_core.package_identification:_identify(/home/qkx515/myros2_ws/src) by extensions ['colcon_meta']
[0.414s] Level 1:colcon.colcon_core.package_identification:_identify(/home/qkx515/myros2_ws/src) by extension 'colcon_meta'
[0.414s] Level 1:colcon.colcon_core.package_identification:_identify(/home/qkx515/myros2_ws/src) by extensions ['ros']
[0.415s] Level 1:colcon.colcon_core.package_identification:_identify(/home/qkx515/myros2_ws/src) by extension 'ros'
[0.415s] Level 1:colcon.colcon_core.package_identification:_identify(/home/qkx515/myros2_ws/src) by extensions ['bazel', 'cmake', 'python']
[0.415s] Level 1:colcon.colcon_core.package_identification:_identify(/home/qkx515/myros2_ws/src) by extension 'bazel'
[0.415s] Level 1:colcon.colcon_core.package_identification:_identify(/home/qkx515/myros2_ws/src) by extension 'cmake'
[0.415s] Level 1:colcon.colcon_core.package_identification:_identify(/home/qkx515/myros2_ws/src) by extension 'python'
[0.415s] Level 1:colcon.colcon_core.package_identification:_identify(/home/qkx515/myros2_ws/src) by extensions ['python_setup_py']
[0.415s] Level 1:colcon.colcon_core.package_identification:_identify(/home/qkx515/myros2_ws/src) by extension 'python_setup_py'
[0.415s] Level 1:colcon.colcon_core.package_identification:_identify(/home/qkx515/myros2_ws/src/minimal_publisher) by extensions ['ignore', 'ignore_ament_install']
[0.416s] Level 1:colcon.colcon_core.package_identification:_identify(/home/qkx515/myros2_ws/src/minimal_publisher) by extension 'ignore'
[0.416s] Level 1:colcon.colcon_core.package_identification:_identify(/home/qkx515/myros2_ws/src/minimal_publisher) by extension 'ignore_ament_install'
[0.416s] Level 1:colcon.colcon_core.package_identification:_identify(/home/qkx515/myros2_ws/src/minimal_publisher) by extensions ['colcon_pkg']
[0.416s] Level 1:colcon.colcon_core.package_identification:_identify(/home/qkx515/myros2_ws/src/minimal_publisher) by extension 'colcon_pkg'
[0.416s] Level 1:colcon.colcon_core.package_identification:_identify(/home/qkx515/myros2_ws/src/minimal_publisher) by extensions ['colcon_meta']
[0.416s] Level 1:colcon.colcon_core.package_identification:_identify(/home/qkx515/myros2_ws/src/minimal_publisher) by extension 'colcon_meta'
[0.416s] Level 1:colcon.colcon_core.package_identification:_identify(/home/qkx515/myros2_ws/src/minimal_publisher) by extensions ['ros']
[0.416s] Level 1:colcon.colcon_core.package_identification:_identify(/home/qkx515/myros2_ws/src/minimal_publisher) by extension 'ros'
[0.420s] DEBUG:colcon.colcon_core.package_identification:Package '/home/qkx515/myros2_ws/src/minimal_publisher' with type 'ros.ament_python' and name 'examples_rclpy_minimal_publisher'
[0.421s] Level 1:colcon.colcon_core.package_identification:_identify(/home/qkx515/myros2_ws/src/mylistener) by extensions ['ignore', 'ignore_ament_install']
[0.421s] Level 1:colcon.colcon_core.package_identification:_identify(/home/qkx515/myros2_ws/src/mylistener) by extension 'ignore'
[0.421s] Level 1:colcon.colcon_core.package_identification:_identify(/home/qkx515/myros2_ws/src/mylistener) by extension 'ignore_ament_install'
[0.421s] Level 1:colcon.colcon_core.package_identification:_identify(/home/qkx515/myros2_ws/src/mylistener) by extensions ['colcon_pkg']
[0.421s] Level 1:colcon.colcon_core.package_identification:_identify(/home/qkx515/myros2_ws/src/mylistener) by extension 'colcon_pkg'
[0.421s] Level 1:colcon.colcon_core.package_identification:_identify(/home/qkx515/myros2_ws/src/mylistener) by extensions ['colcon_meta']
[0.421s] Level 1:colcon.colcon_core.package_identification:_identify(/home/qkx515/myros2_ws/src/mylistener) by extension 'colcon_meta'
[0.421s] Level 1:colcon.colcon_core.package_identification:_identify(/home/qkx515/myros2_ws/src/mylistener) by extensions ['ros']
[0.421s] Level 1:colcon.colcon_core.package_identification:_identify(/home/qkx515/myros2_ws/src/mylistener) by extension 'ros'
[0.423s] DEBUG:colcon.colcon_core.package_identification:Package '/home/qkx515/myros2_ws/src/mylistener' with type 'ros.ament_python' and name 'mylistener'
[0.423s] Level 1:colcon.colcon_core.package_identification:_identify(/home/qkx515/myros2_ws/src/mylistenercpp) by extensions ['ignore', 'ignore_ament_install']
[0.423s] Level 1:colcon.colcon_core.package_identification:_identify(/home/qkx515/myros2_ws/src/mylistenercpp) by extension 'ignore'
[0.423s] Level 1:colcon.colcon_core.package_identification:_identify(/home/qkx515/myros2_ws/src/mylistenercpp) by extension 'ignore_ament_install'
[0.424s] Level 1:colcon.colcon_core.package_identification:_identify(/home/qkx515/myros2_ws/src/mylistenercpp) by extensions ['colcon_pkg']
[0.424s] Level 1:colcon.colcon_core.package_identification:_identify(/home/qkx515/myros2_ws/src/mylistenercpp) by extension 'colcon_pkg'
[0.424s] Level 1:colcon.colcon_core.package_identification:_identify(/home/qkx515/myros2_ws/src/mylistenercpp) by extensions ['colcon_meta']
[0.424s] Level 1:colcon.colcon_core.package_identification:_identify(/home/qkx515/myros2_ws/src/mylistenercpp) by extension 'colcon_meta'
[0.424s] Level 1:colcon.colcon_core.package_identification:_identify(/home/qkx515/myros2_ws/src/mylistenercpp) by extensions ['ros']
[0.424s] Level 1:colcon.colcon_core.package_identification:_identify(/home/qkx515/myros2_ws/src/mylistenercpp) by extension 'ros'
[0.425s] DEBUG:colcon.colcon_core.package_identification:Package '/home/qkx515/myros2_ws/src/mylistenercpp' with type 'ros.ament_cmake' and name 'mylistenercpp'
[0.425s] Level 1:colcon.colcon_core.package_identification:_identify(/home/qkx515/myros2_ws/src/mytalker) by extensions ['ignore', 'ignore_ament_install']
[0.425s] Level 1:colcon.colcon_core.package_identification:_identify(/home/qkx515/myros2_ws/src/mytalker) by extension 'ignore'
[0.425s] Level 1:colcon.colcon_core.package_identification:_identify(/home/qkx515/myros2_ws/src/mytalker) by extension 'ignore_ament_install'
[0.425s] Level 1:colcon.colcon_core.package_identification:_identify(/home/qkx515/myros2_ws/src/mytalker) by extensions ['colcon_pkg']
[0.425s] Level 1:colcon.colcon_core.package_identification:_identify(/home/qkx515/myros2_ws/src/mytalker) by extension 'colcon_pkg'
[0.425s] Level 1:colcon.colcon_core.package_identification:_identify(/home/qkx515/myros2_ws/src/mytalker) by extensions ['colcon_meta']
[0.426s] Level 1:colcon.colcon_core.package_identification:_identify(/home/qkx515/myros2_ws/src/mytalker) by extension 'colcon_meta'
[0.426s] Level 1:colcon.colcon_core.package_identification:_identify(/home/qkx515/myros2_ws/src/mytalker) by extensions ['ros']
[0.426s] Level 1:colcon.colcon_core.package_identification:_identify(/home/qkx515/myros2_ws/src/mytalker) by extension 'ros'
[0.427s] DEBUG:colcon.colcon_core.package_identification:Package '/home/qkx515/myros2_ws/src/mytalker' with type 'ros.ament_python' and name 'mytalker'
[0.427s] Level 1:colcon.colcon_core.package_identification:_identify(/home/qkx515/myros2_ws/src/mytalkercpp) by extensions ['ignore', 'ignore_ament_install']
[0.427s] Level 1:colcon.colcon_core.package_identification:_identify(/home/qkx515/myros2_ws/src/mytalkercpp) by extension 'ignore'
[0.428s] Level 1:colcon.colcon_core.package_identification:_identify(/home/qkx515/myros2_ws/src/mytalkercpp) by extension 'ignore_ament_install'
[0.428s] Level 1:colcon.colcon_core.package_identification:_identify(/home/qkx515/myros2_ws/src/mytalkercpp) by extensions ['colcon_pkg']
[0.428s] Level 1:colcon.colcon_core.package_identification:_identify(/home/qkx515/myros2_ws/src/mytalkercpp) by extension 'colcon_pkg'
[0.428s] Level 1:colcon.colcon_core.package_identification:_identify(/home/qkx515/myros2_ws/src/mytalkercpp) by extensions ['colcon_meta']
[0.428s] Level 1:colcon.colcon_core.package_identification:_identify(/home/qkx515/myros2_ws/src/mytalkercpp) by extension 'colcon_meta'
[0.428s] Level 1:colcon.colcon_core.package_identification:_identify(/home/qkx515/myros2_ws/src/mytalkercpp) by extensions ['ros']
[0.428s] Level 1:colcon.colcon_core.package_identification:_identify(/home/qkx515/myros2_ws/src/mytalkercpp) by extension 'ros'
[0.429s] DEBUG:colcon.colcon_core.package_identification:Package '/home/qkx515/myros2_ws/src/mytalkercpp' with type 'ros.ament_cmake' and name 'mytalkercpp'
[0.429s] Level 1:colcon.colcon_core.package_discovery:discover_packages(recursive) using defaults
[0.434s] Level 5:colcon.colcon_core.verb:set package 'examples_rclpy_minimal_publisher' build argument 'bazel_args' from command line to 'None'
[0.434s] Level 5:colcon.colcon_core.verb:set package 'examples_rclpy_minimal_publisher' build argument 'bazel_task' from command line to 'None'
[0.434s] Level 5:colcon.colcon_core.verb:set package 'examples_rclpy_minimal_publisher' build argument 'cmake_args' from command line to 'None'
[0.434s] Level 5:colcon.colcon_core.verb:set package 'examples_rclpy_minimal_publisher' build argument 'cmake_target' from command line to 'None'
[0.434s] Level 5:colcon.colcon_core.verb:set package 'examples_rclpy_minimal_publisher' build argument 'cmake_target_skip_unavailable' from command line to 'False'
[0.434s] Level 5:colcon.colcon_core.verb:set package 'examples_rclpy_minimal_publisher' build argument 'cmake_clean_cache' from command line to 'False'
[0.434s] Level 5:colcon.colcon_core.verb:set package 'examples_rclpy_minimal_publisher' build argument 'cmake_clean_first' from command line to 'False'
[0.434s] Level 5:colcon.colcon_core.verb:set package 'examples_rclpy_minimal_publisher' build argument 'cmake_force_configure' from command line to 'False'
[0.434s] Level 5:colcon.colcon_core.verb:set package 'examples_rclpy_minimal_publisher' build argument 'ament_cmake_args' from command line to 'None'
[0.434s] Level 5:colcon.colcon_core.verb:set package 'examples_rclpy_minimal_publisher' build argument 'catkin_cmake_args' from command line to 'None'
[0.434s] DEBUG:colcon.colcon_core.verb:Building package 'examples_rclpy_minimal_publisher' with the following arguments: {'ament_cmake_args': None, 'bazel_args': None, 'bazel_task': None, 'build_base': '/home/qkx515/myros2_ws/build/examples_rclpy_minimal_publisher', 'catkin_cmake_args': None, 'cmake_args': None, 'cmake_clean_cache': False, 'cmake_clean_first': False, 'cmake_force_configure': False, 'cmake_target': None, 'cmake_target_skip_unavailable': False, 'install_base': '/home/qkx515/myros2_ws/install/examples_rclpy_minimal_publisher', 'path': '/home/qkx515/myros2_ws/src/minimal_publisher', 'symlink_install': True, 'test_result_base': None}
[0.437s] Level 5:colcon.colcon_core.verb:set package 'mylistener' build argument 'bazel_args' from command line to 'None'
[0.437s] Level 5:colcon.colcon_core.verb:set package 'mylistener' build argument 'bazel_task' from command line to 'None'
[0.437s] Level 5:colcon.colcon_core.verb:set package 'mylistener' build argument 'cmake_args' from command line to 'None'
[0.437s] Level 5:colcon.colcon_core.verb:set package 'mylistener' build argument 'cmake_target' from command line to 'None'
[0.437s] Level 5:colcon.colcon_core.verb:set package 'mylistener' build argument 'cmake_target_skip_unavailable' from command line to 'False'
[0.438s] Level 5:colcon.colcon_core.verb:set package 'mylistener' build argument 'cmake_clean_cache' from command line to 'False'
[0.438s] Level 5:colcon.colcon_core.verb:set package 'mylistener' build argument 'cmake_clean_first' from command line to 'False'
[0.438s] Level 5:colcon.colcon_core.verb:set package 'mylistener' build argument 'cmake_force_configure' from command line to 'False'
[0.438s] Level 5:colcon.colcon_core.verb:set package 'mylistener' build argument 'ament_cmake_args' from command line to 'None'
[0.438s] Level 5:colcon.colcon_core.verb:set package 'mylistener' build argument 'catkin_cmake_args' from command line to 'None'
[0.438s] DEBUG:colcon.colcon_core.verb:Building package 'mylistener' with the following arguments: {'ament_cmake_args': None, 'bazel_args': None, 'bazel_task': None, 'build_base': '/home/qkx515/myros2_ws/build/mylistener', 'catkin_cmake_args': None, 'cmake_args': None, 'cmake_clean_cache': False, 'cmake_clean_first': False, 'cmake_force_configure': False, 'cmake_target': None, 'cmake_target_skip_unavailable': False, 'install_base': '/home/qkx515/myros2_ws/install/mylistener', 'path': '/home/qkx515/myros2_ws/src/mylistener', 'symlink_install': True, 'test_result_base': None}
[0.441s] Level 5:colcon.colcon_core.verb:set package 'mylistenercpp' build argument 'bazel_args' from command line to 'None'
[0.441s] Level 5:colcon.colcon_core.verb:set package 'mylistenercpp' build argument 'bazel_task' from command line to 'None'
[0.441s] Level 5:colcon.colcon_core.verb:set package 'mylistenercpp' build argument 'cmake_args' from command line to 'None'
[0.441s] Level 5:colcon.colcon_core.verb:set package 'mylistenercpp' build argument 'cmake_target' from command line to 'None'
[0.441s] Level 5:colcon.colcon_core.verb:set package 'mylistenercpp' build argument 'cmake_target_skip_unavailable' from command line to 'False'
[0.441s] Level 5:colcon.colcon_core.verb:set package 'mylistenercpp' build argument 'cmake_clean_cache' from command line to 'False'
[0.441s] Level 5:colcon.colcon_core.verb:set package 'mylistenercpp' build argument 'cmake_clean_first' from command line to 'False'
[0.441s] Level 5:colcon.colcon_core.verb:set package 'mylistenercpp' build argument 'cmake_force_configure' from command line to 'False'
[0.441s] Level 5:colcon.colcon_core.verb:set package 'mylistenercpp' build argument 'ament_cmake_args' from command line to 'None'
[0.441s] Level 5:colcon.colcon_core.verb:set package 'mylistenercpp' build argument 'catkin_cmake_args' from command line to 'None'
[0.441s] DEBUG:colcon.colcon_core.verb:Building package 'mylistenercpp' with the following arguments: {'ament_cmake_args': None, 'bazel_args': None, 'bazel_task': None, 'build_base': '/home/qkx515/myros2_ws/build/mylistenercpp', 'catkin_cmake_args': None, 'cmake_args': None, 'cmake_clean_cache': False, 'cmake_clean_first': False, 'cmake_force_configure': False, 'cmake_target': None, 'cmake_target_skip_unavailable': False, 'install_base': '/home/qkx515/myros2_ws/install/mylistenercpp', 'path': '/home/qkx515/myros2_ws/src/mylistenercpp', 'symlink_install': True, 'test_result_base': None}
[0.444s] Level 5:colcon.colcon_core.verb:set package 'mytalker' build argument 'bazel_args' from command line to 'None'
[0.444s] Level 5:colcon.colcon_core.verb:set package 'mytalker' build argument 'bazel_task' from command line to 'None'
[0.444s] Level 5:colcon.colcon_core.verb:set package 'mytalker' build argument 'cmake_args' from command line to 'None'
[0.444s] Level 5:colcon.colcon_core.verb:set package 'mytalker' build argument 'cmake_target' from command line to 'None'
[0.444s] Level 5:colcon.colcon_core.verb:set package 'mytalker' build argument 'cmake_target_skip_unavailable' from command line to 'False'
[0.444s] Level 5:colcon.colcon_core.verb:set package 'mytalker' build argument 'cmake_clean_cache' from command line to 'False'
[0.444s] Level 5:colcon.colcon_core.verb:set package 'mytalker' build argument 'cmake_clean_first' from command line to 'False'
[0.444s] Level 5:colcon.colcon_core.verb:set package 'mytalker' build argument 'cmake_force_configure' from command line to 'False'
[0.444s] Level 5:colcon.colcon_core.verb:set package 'mytalker' build argument 'ament_cmake_args' from command line to 'None'
[0.444s] Level 5:colcon.colcon_core.verb:set package 'mytalker' build argument 'catkin_cmake_args' from command line to 'None'
[0.444s] DEBUG:colcon.colcon_core.verb:Building package 'mytalker' with the following arguments: {'ament_cmake_args': None, 'bazel_args': None, 'bazel_task': None, 'build_base': '/home/qkx515/myros2_ws/build/mytalker', 'catkin_cmake_args': None, 'cmake_args': None, 'cmake_clean_cache': False, 'cmake_clean_first': False, 'cmake_force_configure': False, 'cmake_target': None, 'cmake_target_skip_unavailable': False, 'install_base': '/home/qkx515/myros2_ws/install/mytalker', 'path': '/home/qkx515/myros2_ws/src/mytalker', 'symlink_install': True, 'test_result_base': None}
[0.447s] Level 5:colcon.colcon_core.verb:set package 'mytalkercpp' build argument 'bazel_args' from command line to 'None'
[0.447s] Level 5:colcon.colcon_core.verb:set package 'mytalkercpp' build argument 'bazel_task' from command line to 'None'
[0.447s] Level 5:colcon.colcon_core.verb:set package 'mytalkercpp' build argument 'cmake_args' from command line to 'None'
[0.447s] Level 5:colcon.colcon_core.verb:set package 'mytalkercpp' build argument 'cmake_target' from command line to 'None'
[0.448s] Level 5:colcon.colcon_core.verb:set package 'mytalkercpp' build argument 'cmake_target_skip_unavailable' from command line to 'False'
[0.448s] Level 5:colcon.colcon_core.verb:set package 'mytalkercpp' build argument 'cmake_clean_cache' from command line to 'False'
[0.448s] Level 5:colcon.colcon_core.verb:set package 'mytalkercpp' build argument 'cmake_clean_first' from command line to 'False'
[0.448s] Level 5:colcon.colcon_core.verb:set package 'mytalkercpp' build argument 'cmake_force_configure' from command line to 'False'
[0.448s] Level 5:colcon.colcon_core.verb:set package 'mytalkercpp' build argument 'ament_cmake_args' from command line to 'None'
[0.448s] Level 5:colcon.colcon_core.verb:set package 'mytalkercpp' build argument 'catkin_cmake_args' from command line to 'None'
[0.448s] DEBUG:colcon.colcon_core.verb:Building package 'mytalkercpp' with the following arguments: {'ament_cmake_args': None, 'bazel_args': None, 'bazel_task': None, 'build_base': '/home/qkx515/myros2_ws/build/mytalkercpp', 'catkin_cmake_args': None, 'cmake_args': None, 'cmake_clean_cache': False, 'cmake_clean_first': False, 'cmake_force_configure': False, 'cmake_target': None, 'cmake_target_skip_unavailable': False, 'install_base': '/home/qkx515/myros2_ws/install/mytalkercpp', 'path': '/home/qkx515/myros2_ws/src/mytalkercpp', 'symlink_install': True, 'test_result_base': None}
[0.449s] INFO:colcon.colcon_core.executor:Executing jobs using 'parallel' executor
[0.450s] DEBUG:colcon.colcon_parallel_executor.executor.parallel:run_until_complete
[0.450s] INFO:colcon.colcon_ros.task.ament_python.build:Building ROS package in '/home/qkx515/myros2_ws/src/minimal_publisher' with build type 'ament_python'
[0.451s] Level 1:colcon.colcon_core.shell:create_environment_hook('examples_rclpy_minimal_publisher', 'ament_prefix_path')
[0.456s] INFO:colcon.colcon_core.plugin_system:Skipping extension 'colcon_core.shell.bat': Not used on non-Windows systems
[0.457s] INFO:colcon.colcon_core.shell:Creating environment hook '/home/qkx515/myros2_ws/install/examples_rclpy_minimal_publisher/share/examples_rclpy_minimal_publisher/hook/ament_prefix_path.ps1'
[0.458s] INFO:colcon.colcon_core.shell:Creating environment hook '/home/qkx515/myros2_ws/install/examples_rclpy_minimal_publisher/share/examples_rclpy_minimal_publisher/hook/ament_prefix_path.sh'
[0.459s] INFO:colcon.colcon_core.task.python.build:Building Python package in '/home/qkx515/myros2_ws/src/minimal_publisher'
[0.459s] INFO:colcon.colcon_core.shell:Skip shell extension 'powershell' for command environment: Not usable outside of PowerShell
[0.464s] INFO:colcon.colcon_ros.task.ament_python.build:Building ROS package in '/home/qkx515/myros2_ws/src/mylistener' with build type 'ament_python'
[0.465s] Level 1:colcon.colcon_core.shell:create_environment_hook('mylistener', 'ament_prefix_path')
[0.466s] INFO:colcon.colcon_core.shell:Creating environment hook '/home/qkx515/myros2_ws/install/mylistener/share/mylistener/hook/ament_prefix_path.ps1'
[0.468s] INFO:colcon.colcon_core.shell:Creating environment hook '/home/qkx515/myros2_ws/install/mylistener/share/mylistener/hook/ament_prefix_path.sh'
[0.469s] INFO:colcon.colcon_core.task.python.build:Building Python package in '/home/qkx515/myros2_ws/src/mylistener'
[0.470s] INFO:colcon.colcon_core.shell:Skip shell extension 'powershell' for command environment: Not usable outside of PowerShell
[0.473s] INFO:colcon.colcon_ros.task.ament_cmake.build:Building ROS package in '/home/qkx515/myros2_ws/src/mylistenercpp' with build type 'ament_cmake'
[0.475s] INFO:colcon.colcon_cmake.task.cmake.build:Building CMake package in '/home/qkx515/myros2_ws/src/mylistenercpp'
[0.475s] INFO:colcon.colcon_core.shell:Skip shell extension 'powershell' for command environment: Not usable outside of PowerShell
[0.479s] INFO:colcon.colcon_ros.task.ament_python.build:Building ROS package in '/home/qkx515/myros2_ws/src/mytalker' with build type 'ament_python'
[0.480s] Level 1:colcon.colcon_core.shell:create_environment_hook('mytalker', 'ament_prefix_path')
[0.481s] INFO:colcon.colcon_core.shell:Creating environment hook '/home/qkx515/myros2_ws/install/mytalker/share/mytalker/hook/ament_prefix_path.ps1'
[0.483s] INFO:colcon.colcon_core.shell:Creating environment hook '/home/qkx515/myros2_ws/install/mytalker/share/mytalker/hook/ament_prefix_path.sh'
[0.484s] INFO:colcon.colcon_core.task.python.build:Building Python package in '/home/qkx515/myros2_ws/src/mytalker'
[0.486s] INFO:colcon.colcon_core.shell:Skip shell extension 'powershell' for command environment: Not usable outside of PowerShell
[0.780s] DEBUG:colcon.colcon_core.event_handler.log_command:Invoking command in '/home/qkx515/myros2_ws/build/examples_rclpy_minimal_publisher': PYTHONPATH=/home/qkx515/myros2_ws/install/examples_rclpy_minimal_publisher/lib/python3.6/site-packages:${PYTHONPATH} /usr/bin/python3 setup.py develop --prefix /home/qkx515/myros2_ws/install/examples_rclpy_minimal_publisher --no-deps install_data --install-dir /home/qkx515/myros2_ws/install/examples_rclpy_minimal_publisher
[1.086s] DEBUG:colcon.colcon_core.event_handler.log_command:Invoking command in '/home/qkx515/myros2_ws/build/mylistener': PYTHONPATH=/home/qkx515/myros2_ws/install/mylistener/lib/python3.6/site-packages:${PYTHONPATH} /usr/bin/python3 setup.py develop --prefix /home/qkx515/myros2_ws/install/mylistener --no-deps install_data --install-dir /home/qkx515/myros2_ws/install/mylistener
[1.094s] DEBUG:colcon.colcon_core.event_handler.log_command:Invoking command in '/home/qkx515/myros2_ws/build/mylistenercpp': /usr/bin/cmake --build /home/qkx515/myros2_ws/build/mylistenercpp -- -j4 -l4
[1.597s] DEBUG:colcon.colcon_core.event_handler.log_command:Invoking command in '/home/qkx515/myros2_ws/build/mytalker': PYTHONPATH=/home/qkx515/myros2_ws/install/mytalker/lib/python3.6/site-packages:${PYTHONPATH} /usr/bin/python3 setup.py develop --prefix /home/qkx515/myros2_ws/install/mytalker --no-deps install_data --install-dir /home/qkx515/myros2_ws/install/mytalker
[1.650s] DEBUG:colcon.colcon_core.event_handler.log_command:Invoked command in '/home/qkx515/myros2_ws/build/examples_rclpy_minimal_publisher' returned '0': PYTHONPATH=/home/qkx515/myros2_ws/install/examples_rclpy_minimal_publisher/lib/python3.6/site-packages:${PYTHONPATH} /usr/bin/python3 setup.py develop --prefix /home/qkx515/myros2_ws/install/examples_rclpy_minimal_publisher --no-deps install_data --install-dir /home/qkx515/myros2_ws/install/examples_rclpy_minimal_publisher
[1.650s] Level 1:colcon.colcon_core.environment:checking '/home/qkx515/myros2_ws/install/examples_rclpy_minimal_publisher' for CMake module files
[1.652s] Level 1:colcon.colcon_core.environment:checking '/home/qkx515/myros2_ws/install/examples_rclpy_minimal_publisher' for CMake config files
[1.653s] Level 1:colcon.colcon_core.environment:checking '/home/qkx515/myros2_ws/install/examples_rclpy_minimal_publisher/lib'
[1.654s] Level 1:colcon.colcon_core.environment:checking '/home/qkx515/myros2_ws/install/examples_rclpy_minimal_publisher/bin'
[1.654s] Level 1:colcon.colcon_core.environment:checking '/home/qkx515/myros2_ws/install/examples_rclpy_minimal_publisher/lib/pkgconfig/examples_rclpy_minimal_publisher.pc'
[1.654s] Level 1:colcon.colcon_core.environment:checking '/home/qkx515/myros2_ws/install/examples_rclpy_minimal_publisher/lib/python3.6/site-packages'
[1.655s] Level 1:colcon.colcon_core.shell:create_environment_hook('examples_rclpy_minimal_publisher', 'pythonpath')
[1.656s] INFO:colcon.colcon_core.shell:Creating environment hook '/home/qkx515/myros2_ws/install/examples_rclpy_minimal_publisher/share/examples_rclpy_minimal_publisher/hook/pythonpath.ps1'
[1.661s] INFO:colcon.colcon_core.shell:Creating environment hook '/home/qkx515/myros2_ws/install/examples_rclpy_minimal_publisher/share/examples_rclpy_minimal_publisher/hook/pythonpath.sh'
[1.662s] Level 1:colcon.colcon_core.environment:create_environment_scripts()
[1.663s] INFO:colcon.colcon_core.shell:Creating package script '/home/qkx515/myros2_ws/install/examples_rclpy_minimal_publisher/share/examples_rclpy_minimal_publisher/package.ps1'
[1.665s] INFO:colcon.colcon_core.shell:Creating package script '/home/qkx515/myros2_ws/install/examples_rclpy_minimal_publisher/share/examples_rclpy_minimal_publisher/package.sh'
[1.668s] INFO:colcon.colcon_core.shell:Creating package script '/home/qkx515/myros2_ws/install/examples_rclpy_minimal_publisher/share/examples_rclpy_minimal_publisher/package.bash'
[1.670s] INFO:colcon.colcon_core.shell:Creating package script '/home/qkx515/myros2_ws/install/examples_rclpy_minimal_publisher/share/examples_rclpy_minimal_publisher/package.zsh'
[1.673s] INFO:colcon.colcon_ros.task.ament_cmake.build:Building ROS package in '/home/qkx515/myros2_ws/src/mytalkercpp' with build type 'ament_cmake'
[1.675s] INFO:colcon.colcon_cmake.task.cmake.build:Building CMake package in '/home/qkx515/myros2_ws/src/mytalkercpp'
[1.676s] INFO:colcon.colcon_core.shell:Skip shell extension 'powershell' for command environment: Not usable outside of PowerShell
[1.705s] DEBUG:colcon.colcon_core.event_handler.log_command:Invoking command in '/home/qkx515/myros2_ws/build/mytalkercpp': /usr/bin/cmake --build /home/qkx515/myros2_ws/build/mytalkercpp -- -j4 -l4
[1.799s] Level 1:colcon.colcon_core.environment:checking '/home/qkx515/myros2_ws/install/mylistener' for CMake module files
[1.804s] DEBUG:colcon.colcon_core.event_handler.log_command:Invoked command in '/home/qkx515/myros2_ws/build/mylistener' returned '0': PYTHONPATH=/home/qkx515/myros2_ws/install/mylistener/lib/python3.6/site-packages:${PYTHONPATH} /usr/bin/python3 setup.py develop --prefix /home/qkx515/myros2_ws/install/mylistener --no-deps install_data --install-dir /home/qkx515/myros2_ws/install/mylistener
[1.805s] Level 1:colcon.colcon_core.environment:checking '/home/qkx515/myros2_ws/install/mylistener' for CMake config files
[1.807s] Level 1:colcon.colcon_core.environment:checking '/home/qkx515/myros2_ws/install/mylistener/lib'
[1.807s] Level 1:colcon.colcon_core.environment:checking '/home/qkx515/myros2_ws/install/mylistener/bin'
[1.807s] Level 1:colcon.colcon_core.environment:checking '/home/qkx515/myros2_ws/install/mylistener/lib/pkgconfig/mylistener.pc'
[1.808s] Level 1:colcon.colcon_core.environment:checking '/home/qkx515/myros2_ws/install/mylistener/lib/python3.6/site-packages'
[1.808s] Level 1:colcon.colcon_core.shell:create_environment_hook('mylistener', 'pythonpath')
[1.809s] INFO:colcon.colcon_core.shell:Creating environment hook '/home/qkx515/myros2_ws/install/mylistener/share/mylistener/hook/pythonpath.ps1'
[1.810s] INFO:colcon.colcon_core.shell:Creating environment hook '/home/qkx515/myros2_ws/install/mylistener/share/mylistener/hook/pythonpath.sh'
[1.811s] Level 1:colcon.colcon_core.environment:create_environment_scripts()
[1.812s] INFO:colcon.colcon_core.shell:Creating package script '/home/qkx515/myros2_ws/install/mylistener/share/mylistener/package.ps1'
[1.814s] INFO:colcon.colcon_core.shell:Creating package script '/home/qkx515/myros2_ws/install/mylistener/share/mylistener/package.sh'
[1.815s] INFO:colcon.colcon_core.shell:Creating package script '/home/qkx515/myros2_ws/install/mylistener/share/mylistener/package.bash'
[1.816s] INFO:colcon.colcon_core.shell:Creating package script '/home/qkx515/myros2_ws/install/mylistener/share/mylistener/package.zsh'
[1.866s] DEBUG:colcon.colcon_core.event_handler.log_command:Invoked command in '/home/qkx515/myros2_ws/build/mytalkercpp' returned '0': /usr/bin/cmake --build /home/qkx515/myros2_ws/build/mytalkercpp -- -j4 -l4
[1.938s] DEBUG:colcon.colcon_core.event_handler.log_command:Invoking command in '/home/qkx515/myros2_ws/build/mytalkercpp': /usr/bin/cmake --build /home/qkx515/myros2_ws/build/mytalkercpp --target install
[2.082s] Level 1:colcon.colcon_core.environment:create_environment_scripts()
[2.083s] Level 1:colcon.colcon_core.environment:checking '/home/qkx515/myros2_ws/install/mytalkercpp' for CMake module files
[2.085s] DEBUG:colcon.colcon_core.event_handler.log_command:Invoked command in '/home/qkx515/myros2_ws/build/mytalkercpp' returned '0': /usr/bin/cmake --build /home/qkx515/myros2_ws/build/mytalkercpp --target install
[2.086s] Level 1:colcon.colcon_core.environment:checking '/home/qkx515/myros2_ws/install/mytalkercpp' for CMake config files
[2.086s] Level 1:colcon.colcon_core.shell:create_environment_hook('mytalkercpp', 'cmake_prefix_path')
[2.087s] INFO:colcon.colcon_core.shell:Creating environment hook '/home/qkx515/myros2_ws/install/mytalkercpp/share/mytalkercpp/hook/cmake_prefix_path.ps1'
[2.087s] INFO:colcon.colcon_core.shell:Creating environment hook '/home/qkx515/myros2_ws/install/mytalkercpp/share/mytalkercpp/hook/cmake_prefix_path.sh'
[2.089s] Level 1:colcon.colcon_core.environment:checking '/home/qkx515/myros2_ws/install/mytalkercpp/lib'
[2.089s] Level 1:colcon.colcon_core.environment:checking '/home/qkx515/myros2_ws/install/mytalkercpp/bin'
[2.089s] Level 1:colcon.colcon_core.environment:checking '/home/qkx515/myros2_ws/install/mytalkercpp/lib/pkgconfig/mytalkercpp.pc'
[2.089s] Level 1:colcon.colcon_core.environment:checking '/home/qkx515/myros2_ws/install/mytalkercpp/lib/python3.6/site-packages'
[2.090s] INFO:colcon.colcon_core.shell:Creating package script '/home/qkx515/myros2_ws/install/mytalkercpp/share/mytalkercpp/package.ps1'
[2.090s] INFO:colcon.colcon_core.shell:Creating package script '/home/qkx515/myros2_ws/install/mytalkercpp/share/mytalkercpp/package.sh'
[2.091s] INFO:colcon.colcon_core.shell:Creating package script '/home/qkx515/myros2_ws/install/mytalkercpp/share/mytalkercpp/package.bash'
[2.092s] INFO:colcon.colcon_core.shell:Creating package script '/home/qkx515/myros2_ws/install/mytalkercpp/share/mytalkercpp/package.zsh'
[2.386s] Level 1:colcon.colcon_core.environment:checking '/home/qkx515/myros2_ws/install/mytalker' for CMake module files
[2.387s] DEBUG:colcon.colcon_core.event_handler.log_command:Invoked command in '/home/qkx515/myros2_ws/build/mytalker' returned '0': PYTHONPATH=/home/qkx515/myros2_ws/install/mytalker/lib/python3.6/site-packages:${PYTHONPATH} /usr/bin/python3 setup.py develop --prefix /home/qkx515/myros2_ws/install/mytalker --no-deps install_data --install-dir /home/qkx515/myros2_ws/install/mytalker
[2.388s] Level 1:colcon.colcon_core.environment:checking '/home/qkx515/myros2_ws/install/mytalker' for CMake config files
[2.389s] Level 1:colcon.colcon_core.environment:checking '/home/qkx515/myros2_ws/install/mytalker/lib'
[2.390s] Level 1:colcon.colcon_core.environment:checking '/home/qkx515/myros2_ws/install/mytalker/bin'
[2.390s] Level 1:colcon.colcon_core.environment:checking '/home/qkx515/myros2_ws/install/mytalker/lib/pkgconfig/mytalker.pc'
[2.390s] Level 1:colcon.colcon_core.environment:checking '/home/qkx515/myros2_ws/install/mytalker/lib/python3.6/site-packages'
[2.390s] Level 1:colcon.colcon_core.shell:create_environment_hook('mytalker', 'pythonpath')
[2.391s] INFO:colcon.colcon_core.shell:Creating environment hook '/home/qkx515/myros2_ws/install/mytalker/share/mytalker/hook/pythonpath.ps1'
[2.392s] INFO:colcon.colcon_core.shell:Creating environment hook '/home/qkx515/myros2_ws/install/mytalker/share/mytalker/hook/pythonpath.sh'
[2.393s] Level 1:colcon.colcon_core.environment:create_environment_scripts()
[2.394s] INFO:colcon.colcon_core.shell:Creating package script '/home/qkx515/myros2_ws/install/mytalker/share/mytalker/package.ps1'
[2.395s] INFO:colcon.colcon_core.shell:Creating package script '/home/qkx515/myros2_ws/install/mytalker/share/mytalker/package.sh'
[2.396s] INFO:colcon.colcon_core.shell:Creating package script '/home/qkx515/myros2_ws/install/mytalker/share/mytalker/package.bash'
[2.397s] INFO:colcon.colcon_core.shell:Creating package script '/home/qkx515/myros2_ws/install/mytalker/share/mytalker/package.zsh'
[3.188s] DEBUG:colcon.colcon_core.event_handler.log_command:Invoked command in '/home/qkx515/myros2_ws/build/mylistenercpp' returned '2': /usr/bin/cmake --build /home/qkx515/myros2_ws/build/mylistenercpp -- -j4 -l4
[3.197s] DEBUG:colcon.colcon_parallel_executor.executor.parallel:closing loop
[3.198s] DEBUG:colcon.colcon_parallel_executor.executor.parallel:loop closed
[3.198s] DEBUG:colcon.colcon_parallel_executor.executor.parallel:run_until_complete finished with '2'
[3.199s] DEBUG:colcon.colcon_core.event_reactor:joining thread
[3.207s] INFO:colcon.colcon_core.plugin_system:Skipping extension 'colcon_notification.desktop_notification.terminal_notifier': Not used on non-Darwin systems
[3.208s] INFO:colcon.colcon_core.plugin_system:Skipping extension 'colcon_notification.desktop_notification.win32': Not used on non-Windows systems
[3.208s] INFO:colcon.colcon_notification.desktop_notification:Sending desktop notification using 'notify2'
[3.211s] DEBUG:colcon.colcon_core.event_reactor:joined thread
[3.213s] INFO:colcon.colcon_core.shell:Creating prefix script '/home/qkx515/myros2_ws/install/local_setup.ps1'
[3.217s] INFO:colcon.colcon_core.shell:Creating prefix chain script '/home/qkx515/myros2_ws/install/setup.ps1'
[3.220s] INFO:colcon.colcon_core.shell:Creating prefix script '/home/qkx515/myros2_ws/install/local_setup.sh'
[3.223s] INFO:colcon.colcon_core.shell:Creating prefix chain script '/home/qkx515/myros2_ws/install/setup.sh'
[3.226s] INFO:colcon.colcon_core.shell:Creating prefix script '/home/qkx515/myros2_ws/install/local_setup.bash'
[3.228s] INFO:colcon.colcon_core.shell:Creating prefix chain script '/home/qkx515/myros2_ws/install/setup.bash'
[3.229s] INFO:colcon.colcon_core.shell:Creating prefix script '/home/qkx515/myros2_ws/install/local_setup.zsh'
[3.231s] INFO:colcon.colcon_core.shell:Creating prefix chain script '/home/qkx515/myros2_ws/install/setup.zsh'
