-- Found ament_cmake: 0.5.1 (/opt/ros/bouncy/share/ament_cmake/cmake)
-- Using PYTHON_EXECUTABLE: /usr/bin/python3
-- Override CMake install command with custom implementation using symlinks instead of copying resources
-- Found rclcpp: 0.5.1 (/opt/ros/bouncy/share/rclcpp/cmake)
-- Found rmw_implementation_cmake: 0.5.0 (/opt/ros/bouncy/share/rmw_implementation_cmake/cmake)
-- Found std_msgs: 0.5.1 (/opt/ros/bouncy/share/std_msgs/cmake)
-- Found ament_lint_auto: 0.5.2 (/opt/ros/bouncy/share/ament_lint_auto/cmake)
-- Added test 'cppcheck' to perform static code analysis on C / C++ code
-- Added test 'lint_cmake' to check CMake code style
-- Added test 'uncrustify' to check C / C++ code style
-- Configuring done
-- Generating done
-- Build files have been written to: /home/qkx515/myros2_ws/build/mytalkercpp
[100%] Built target talker
[100%] Built target talker
[36mInstall the project...[0m
-- Install configuration: ""
-- Execute custom install script
-- Up-to-date symlink: /home/qkx515/myros2_ws/install/mytalkercpp/lib/mytalkercpp/talker
-- Up-to-date symlink: /home/qkx515/myros2_ws/install/mytalkercpp/share/ament_index/resource_index/package_run_dependencies/mytalkercpp
-- Up-to-date symlink: /home/qkx515/myros2_ws/install/mytalkercpp/share/ament_index/resource_index/parent_prefix_path/mytalkercpp
-- Up-to-date symlink: /home/qkx515/myros2_ws/install/mytalkercpp/share/mytalkercpp/environment/ament_prefix_path.sh
-- Up-to-date symlink: /home/qkx515/myros2_ws/install/mytalkercpp/share/mytalkercpp/environment/path.sh
-- Up-to-date symlink: /home/qkx515/myros2_ws/install/mytalkercpp/share/mytalkercpp/local_setup.bash
-- Up-to-date symlink: /home/qkx515/myros2_ws/install/mytalkercpp/share/mytalkercpp/local_setup.sh
-- Up-to-date symlink: /home/qkx515/myros2_ws/install/mytalkercpp/share/mytalkercpp/local_setup.zsh
-- Up-to-date symlink: /home/qkx515/myros2_ws/install/mytalkercpp/share/ament_index/resource_index/packages/mytalkercpp
-- Up-to-date symlink: /home/qkx515/myros2_ws/install/mytalkercpp/share/mytalkercpp/cmake/mytalkercppConfig.cmake
-- Up-to-date symlink: /home/qkx515/myros2_ws/install/mytalkercpp/share/mytalkercpp/cmake/mytalkercppConfig-version.cmake
-- Up-to-date symlink: /home/qkx515/myros2_ws/install/mytalkercpp/share/mytalkercpp/package.xml
