Invoking command in '/home/qkx515/myros2_ws/build/mylistenercpp': /usr/bin/cmake --build /home/qkx515/myros2_ws/build/mylistenercpp -- -j4 -l4
-- Found ament_cmake: 0.5.1 (/opt/ros/bouncy/share/ament_cmake/cmake)
-- Using PYTHON_EXECUTABLE: /usr/bin/python3
-- Override CMake install command with custom implementation using symlinks instead of copying resources
-- Found rclcpp: 0.5.1 (/opt/ros/bouncy/share/rclcpp/cmake)
-- Found rmw_implementation_cmake: 0.5.0 (/opt/ros/bouncy/share/rmw_implementation_cmake/cmake)
-- Found std_msgs: 0.5.1 (/opt/ros/bouncy/share/std_msgs/cmake)
-- Found ament_lint_auto: 0.5.2 (/opt/ros/bouncy/share/ament_lint_auto/cmake)
-- Added test 'cppcheck' to perform static code analysis on C / C++ code
-- Added test 'lint_cmake' to check CMake code style
-- Added test 'uncrustify' to check C / C++ code style
-- Configuring done
-- Generating done
-- Build files have been written to: /home/qkx515/myros2_ws/build/mylistenercpp
[35m[1mScanning dependencies of target listener[0m
[ 50%] [32mBuilding CXX object CMakeFiles/listener.dir/src/listener.cpp.o[0m
[01m[K/home/qkx515/myros2_ws/src/mylistenercpp/src/listener.cpp:16:58:[m[K [01;31m[Kerror: [m[K‘[01m[KSharePtr[m[K’ in ‘[01m[Kusing String = struct std_msgs::msg::String_<std::allocator<void> > {aka struct std_msgs::msg::String_<std::allocator<void> >}[m[K’ does not name a type
         void topic_callback(const std_msgs::msg::String::[01;31m[KSharePtr[m[K msg)
                                                          [01;31m[K^~~~~~~~[m[K
[01m[K/home/qkx515/myros2_ws/src/mylistenercpp/src/listener.cpp:22:2:[m[K [01;31m[Kerror: [m[Kexpected ‘[01m[K;[m[K’ after class definition
 }
  [01;31m[K^[m[K
  [32m[K;[m[K
[01m[K/home/qkx515/myros2_ws/src/mylistenercpp/src/listener.cpp:[m[K In constructor ‘[01m[KListener::Listener()[m[K’:
[01m[K/home/qkx515/myros2_ws/src/mylistenercpp/src/listener.cpp:13:78:[m[K [01;31m[Kerror: [m[Kno match for ‘[01m[Koperator=[m[K’ (operand types are ‘[01m[Krclcpp::Subscription<std_msgs::msg::String_<std::allocator<void> > >::SharedPtr {aka std::shared_ptr<rclcpp::Subscription<std_msgs::msg::String_<std::allocator<void> > > >}[m[K’ and ‘[01m[Kstd::shared_ptr<rclcpp::Subscription<int, std::allocator<void> > >[m[K’)
           "chatter", std::bind(&Listener::topic_callback, this, _1)[01;31m[K)[m[K;        }
                                                                    [01;31m[K^[m[K
In file included from [01m[K/usr/include/c++/7/memory:81:0[m[K,
                 from [01m[K/opt/ros/bouncy/include/rclcpp/rclcpp.hpp:142[m[K,
                 from [01m[K/home/qkx515/myros2_ws/src/mylistenercpp/src/listener.cpp:1[m[K:
[01m[K/usr/include/c++/7/bits/shared_ptr.h:296:19:[m[K [01;36m[Knote: [m[Kcandidate: std::shared_ptr<_Tp>& std::shared_ptr<_Tp>::operator=(const std::shared_ptr<_Tp>&) [with _Tp = rclcpp::Subscription<std_msgs::msg::String_<std::allocator<void> > >]
       shared_ptr& [01;36m[Koperator[m[K=(const shared_ptr&) noexcept = default;
                   [01;36m[K^~~~~~~~[m[K
[01m[K/usr/include/c++/7/bits/shared_ptr.h:296:19:[m[K [01;36m[Knote: [m[K  no known conversion for argument 1 from ‘[01m[Kstd::shared_ptr<rclcpp::Subscription<int, std::allocator<void> > >[m[K’ to ‘[01m[Kconst std::shared_ptr<rclcpp::Subscription<std_msgs::msg::String_<std::allocator<void> > > >&[m[K’
[01m[K/usr/include/c++/7/bits/shared_ptr.h:300:2:[m[K [01;36m[Knote: [m[Kcandidate: template<class _Yp> std::shared_ptr<_Tp>::_Assignable<const std::shared_ptr<_Yp>&> std::shared_ptr<_Tp>::operator=(const std::shared_ptr<_Yp>&) [with _Yp = _Yp; _Tp = rclcpp::Subscription<std_msgs::msg::String_<std::allocator<void> > >]
  [01;36m[Koperator[m[K=(const shared_ptr<_Yp>& __r) noexcept
  [01;36m[K^~~~~~~~[m[K
[01m[K/usr/include/c++/7/bits/shared_ptr.h:300:2:[m[K [01;36m[Knote: [m[K  template argument deduction/substitution failed:
[01m[K/usr/include/c++/7/bits/shared_ptr.h:309:2:[m[K [01;36m[Knote: [m[Kcandidate: template<class _Yp> std::shared_ptr<_Tp>::_Assignable<std::auto_ptr<_Up> > std::shared_ptr<_Tp>::operator=(std::auto_ptr<_Up>&&) [with _Yp = _Yp; _Tp = rclcpp::Subscription<std_msgs::msg::String_<std::allocator<void> > >]
  [01;36m[Koperator[m[K=(auto_ptr<_Yp>&& __r)
  [01;36m[K^~~~~~~~[m[K
[01m[K/usr/include/c++/7/bits/shared_ptr.h:309:2:[m[K [01;36m[Knote: [m[K  template argument deduction/substitution failed:
[01m[K/home/qkx515/myros2_ws/src/mylistenercpp/src/listener.cpp:13:78:[m[K [01;36m[Knote: [m[K  ‘[01m[Kstd::shared_ptr<rclcpp::Subscription<int, std::allocator<void> > >[m[K’ is not derived from ‘[01m[Kstd::auto_ptr<_Up>[m[K’
           "chatter", std::bind(&Listener::topic_callback, this, _1)[01;36m[K)[m[K;        }
                                                                    [01;36m[K^[m[K
In file included from [01m[K/usr/include/c++/7/memory:81:0[m[K,
                 from [01m[K/opt/ros/bouncy/include/rclcpp/rclcpp.hpp:142[m[K,
                 from [01m[K/home/qkx515/myros2_ws/src/mylistenercpp/src/listener.cpp:1[m[K:
[01m[K/usr/include/c++/7/bits/shared_ptr.h:317:7:[m[K [01;36m[Knote: [m[Kcandidate: std::shared_ptr<_Tp>& std::shared_ptr<_Tp>::operator=(std::shared_ptr<_Tp>&&) [with _Tp = rclcpp::Subscription<std_msgs::msg::String_<std::allocator<void> > >]
       [01;36m[Koperator[m[K=(shared_ptr&& __r) noexcept
       [01;36m[K^~~~~~~~[m[K
[01m[K/usr/include/c++/7/bits/shared_ptr.h:317:7:[m[K [01;36m[Knote: [m[K  no known conversion for argument 1 from ‘[01m[Kstd::shared_ptr<rclcpp::Subscription<int, std::allocator<void> > >[m[K’ to ‘[01m[Kstd::shared_ptr<rclcpp::Subscription<std_msgs::msg::String_<std::allocator<void> > > >&&[m[K’
[01m[K/usr/include/c++/7/bits/shared_ptr.h:325:2:[m[K [01;36m[Knote: [m[Kcandidate: template<class _Yp> std::shared_ptr<_Tp>::_Assignable<std::shared_ptr<_Yp> > std::shared_ptr<_Tp>::operator=(std::shared_ptr<_Yp>&&) [with _Yp = _Yp; _Tp = rclcpp::Subscription<std_msgs::msg::String_<std::allocator<void> > >]
  [01;36m[Koperator[m[K=(shared_ptr<_Yp>&& __r) noexcept
  [01;36m[K^~~~~~~~[m[K
[01m[K/usr/include/c++/7/bits/shared_ptr.h:325:2:[m[K [01;36m[Knote: [m[K  template argument deduction/substitution failed:
[01m[K/usr/include/c++/7/bits/shared_ptr.h:333:2:[m[K [01;36m[Knote: [m[Kcandidate: template<class _Yp, class _Del> std::shared_ptr<_Tp>::_Assignable<std::unique_ptr<_Up, _Ep> > std::shared_ptr<_Tp>::operator=(std::unique_ptr<_Up, _Ep>&&) [with _Yp = _Yp; _Del = _Del; _Tp = rclcpp::Subscription<std_msgs::msg::String_<std::allocator<void> > >]
  [01;36m[Koperator[m[K=(unique_ptr<_Yp, _Del>&& __r)
  [01;36m[K^~~~~~~~[m[K
[01m[K/usr/include/c++/7/bits/shared_ptr.h:333:2:[m[K [01;36m[Knote: [m[K  template argument deduction/substitution failed:
[01m[K/home/qkx515/myros2_ws/src/mylistenercpp/src/listener.cpp:13:78:[m[K [01;36m[Knote: [m[K  ‘[01m[Kstd::shared_ptr<rclcpp::Subscription<int, std::allocator<void> > >[m[K’ is not derived from ‘[01m[Kstd::unique_ptr<_Tp, _Dp>[m[K’
           "chatter", std::bind(&Listener::topic_callback, this, _1)[01;36m[K)[m[K;        }
                                                                    [01;36m[K^[m[K
In file included from [01m[K/opt/ros/bouncy/include/rclcpp/client.hpp:39:0[m[K,
                 from [01m[K/opt/ros/bouncy/include/rclcpp/callback_group.hpp:23[m[K,
                 from [01m[K/opt/ros/bouncy/include/rclcpp/node_interfaces/node_base_interface.hpp:25[m[K,
                 from [01m[K/opt/ros/bouncy/include/rclcpp/executor.hpp:31[m[K,
                 from [01m[K/opt/ros/bouncy/include/rclcpp/executors/multi_threaded_executor.hpp:24[m[K,
                 from [01m[K/opt/ros/bouncy/include/rclcpp/executors.hpp:21[m[K,
                 from [01m[K/opt/ros/bouncy/include/rclcpp/rclcpp.hpp:144[m[K,
                 from [01m[K/home/qkx515/myros2_ws/src/mylistenercpp/src/listener.cpp:1[m[K:
[01m[K/home/qkx515/myros2_ws/src/mylistenercpp/src/listener.cpp:[m[K In member function ‘[01m[Kvoid Listener::topic_callback(int)[m[K’:
[01m[K/home/qkx515/myros2_ws/src/mylistenercpp/src/listener.cpp:18:65:[m[K [01;31m[Kerror: [m[Kbase operand of ‘[01m[K->[m[K’ is not a pointer
             RCLCPP_INFO(this->get_logger(), "I heard: '%s'", msg[01;31m[K-[m[K>data.c_str())
                                                                 [01;31m[K^[m[K
[01m[K/opt/ros/bouncy/include/rcutils/logging_macros.h:69:64:[m[K [01;36m[Knote: [m[Kin definition of macro ‘[01m[KRCUTILS_LOG_COND_NAMED[m[K’
       rcutils_log(&__rcutils_logging_location, severity, name, [01;36m[K__VA_ARGS__[m[K); \
                                                                [01;36m[K^~~~~~~~~~~[m[K
[01m[K/opt/ros/bouncy/include/rclcpp/logging.hpp:168:3:[m[K [01;36m[Knote: [m[Kin expansion of macro ‘[01m[KRCUTILS_LOG_INFO_NAMED[m[K’
   [01;36m[KRCUTILS_LOG_INFO_NAMED[m[K( \
   [01;36m[K^~~~~~~~~~~~~~~~~~~~~~[m[K
[01m[K/home/qkx515/myros2_ws/src/mylistenercpp/src/listener.cpp:18:13:[m[K [01;36m[Knote: [m[Kin expansion of macro ‘[01m[KRCLCPP_INFO[m[K’
             [01;36m[KRCLCPP_INFO[m[K(this->get_logger(), "I heard: '%s'", msg->data.c_str())
             [01;36m[K^~~~~~~~~~~[m[K
[01m[K/home/qkx515/myros2_ws/src/mylistenercpp/src/listener.cpp:[m[K At global scope:
[01m[K/home/qkx515/myros2_ws/src/mylistenercpp/src/listener.cpp:24:18:[m[K [01;31m[Kerror: [m[Kexpected ‘[01m[K,[m[K’ or ‘[01m[K...[m[K’ before ‘[01m[K.[m[K’ token
 int main(int argc[01;31m[K.[m[K char** argv)
                  [01;31m[K^[m[K
[01m[K/home/qkx515/myros2_ws/src/mylistenercpp/src/listener.cpp:24:5:[m[K [01;35m[Kwarning: [m[K‘[01m[Kint main(int)[m[K’ takes only zero or two arguments [[01;35m[K-Wmain[m[K]
 int [01;35m[Kmain[m[K(int argc. char** argv)
     [01;35m[K^~~~[m[K
[01m[K/home/qkx515/myros2_ws/src/mylistenercpp/src/listener.cpp:[m[K In function ‘[01m[Kint main(int)[m[K’:
[01m[K/home/qkx515/myros2_ws/src/mylistenercpp/src/listener.cpp:26:24:[m[K [01;31m[Kerror: [m[K‘[01m[Kargv[m[K’ was not declared in this scope
     rclcpp::init(argc, [01;31m[Kargv[m[K);
                        [01;31m[K^~~~[m[K
[01m[K/home/qkx515/myros2_ws/src/mylistenercpp/src/listener.cpp:26:24:[m[K [01;36m[Knote: [m[Ksuggested alternative: ‘[01m[Kargc[m[K’
     rclcpp::init(argc, [01;36m[Kargv[m[K);
                        [01;36m[K^~~~[m[K
                        [32m[Kargc[m[K
In file included from [01m[K/opt/ros/bouncy/include/rclcpp/node_interfaces/node_topics_interface.hpp:29:0[m[K,
                 from [01m[K/opt/ros/bouncy/include/rclcpp/node.hpp:51[m[K,
                 from [01m[K/opt/ros/bouncy/include/rclcpp/executors/single_threaded_executor.hpp:28[m[K,
                 from [01m[K/opt/ros/bouncy/include/rclcpp/executors.hpp:22[m[K,
                 from [01m[K/opt/ros/bouncy/include/rclcpp/rclcpp.hpp:144[m[K,
                 from [01m[K/home/qkx515/myros2_ws/src/mylistenercpp/src/listener.cpp:1[m[K:
/opt/ros/bouncy/include/rclcpp/subscription_factory.hpp: In instantiation of ‘[01m[Krclcpp::SubscriptionFactory rclcpp::create_subscription_factory(CallbackT&&, typename rclcpp::message_memory_strategy::MessageMemoryStrategy<CallbackMessageT, Alloc>::SharedPtr, std::shared_ptr<PublisherT>) [with MessageT = std_msgs::msg::String_<std::allocator<void> >; CallbackT = std::_Bind<void (Listener::*(Listener*, std::_Placeholder<1>))(int)>; Alloc = std::allocator<void>; CallbackMessageT = int; SubscriptionT = rclcpp::Subscription<int, std::allocator<void> >; typename rclcpp::message_memory_strategy::MessageMemoryStrategy<CallbackMessageT, Alloc>::SharedPtr = std::shared_ptr<rclcpp::message_memory_strategy::MessageMemoryStrategy<int, std::allocator<void> > >][m[K’:
[01m[K/opt/ros/bouncy/include/rclcpp/create_subscription.hpp:54:71:[m[K   required from ‘[01m[Kstd::shared_ptr<SubscriptionT> rclcpp::create_subscription(rclcpp::node_interfaces::NodeTopicsInterface*, const string&, CallbackT&&, const rmw_qos_profile_t&, rclcpp::callback_group::CallbackGroup::SharedPtr, bool, bool, typename rclcpp::message_memory_strategy::MessageMemoryStrategy<CallbackMessageT, Alloc>::SharedPtr, std::shared_ptr<PublisherT>) [with MessageT = std_msgs::msg::String_<std::allocator<void> >; CallbackT = std::_Bind<void (Listener::*(Listener*, std::_Placeholder<1>))(int)>; AllocatorT = std::allocator<void>; CallbackMessageT = int; SubscriptionT = rclcpp::Subscription<int, std::allocator<void> >; std::__cxx11::string = std::__cxx11::basic_string<char>; rmw_qos_profile_t = rmw_qos_profile_t; rclcpp::callback_group::CallbackGroup::SharedPtr = std::shared_ptr<rclcpp::callback_group::CallbackGroup>; typename rclcpp::message_memory_strategy::MessageMemoryStrategy<CallbackMessageT, Alloc>::SharedPtr = std::shared_ptr<rclcpp::message_memory_strategy::MessageMemoryStrategy<int, std::allocator<void> > >][m[K’
[01m[K/opt/ros/bouncy/include/rclcpp/node_impl.hpp:113:98:[m[K   required from ‘[01m[Kstd::shared_ptr<SubscriptionT> rclcpp::Node::create_subscription(const string&, CallbackT&&, const rmw_qos_profile_t&, rclcpp::callback_group::CallbackGroup::SharedPtr, bool, typename rclcpp::message_memory_strategy::MessageMemoryStrategy<typename rclcpp::subscription_traits::has_message_type<CallbackT>::type, Alloc>::SharedPtr, std::shared_ptr<PublisherT>) [with MessageT = std_msgs::msg::String_<std::allocator<void> >; CallbackT = std::_Bind<void (Listener::*(Listener*, std::_Placeholder<1>))(int)>; Alloc = std::allocator<void>; SubscriptionT = rclcpp::Subscription<int, std::allocator<void> >; std::__cxx11::string = std::__cxx11::basic_string<char>; rmw_qos_profile_t = rmw_qos_profile_t; rclcpp::callback_group::CallbackGroup::SharedPtr = std::shared_ptr<rclcpp::callback_group::CallbackGroup>; typename rclcpp::message_memory_strategy::MessageMemoryStrategy<typename rclcpp::subscription_traits::has_message_type<CallbackT>::type, Alloc>::SharedPtr = std::shared_ptr<rclcpp::message_memory_strategy::MessageMemoryStrategy<int, std::allocator<void> > >][m[K’
[01m[K/home/qkx515/myros2_ws/src/mylistenercpp/src/listener.cpp:13:78:[m[K   required from here
[01m[K/opt/ros/bouncy/include/rclcpp/subscription_factory.hpp:87:3:[m[K [01;31m[Kerror: [m[Kno matching function for call to ‘[01m[Krclcpp::AnySubscriptionCallback<int, std::allocator<void> >::set(std::_Bind<void (Listener::*(Listener*, std::_Placeholder<1>))(int)>)[m[K’
   [01;31m[Kany_subscription_callback[m[K.set(std::forward<CallbackT>(callback));
   [01;31m[K^~~~~~~~~~~~~~~~~~~~~~~~~[m[K
In file included from [01m[K/opt/ros/bouncy/include/rclcpp/subscription.hpp:32:0[m[K,
                 from [01m[K/opt/ros/bouncy/include/rclcpp/callback_group.hpp:25[m[K,
                 from [01m[K/opt/ros/bouncy/include/rclcpp/node_interfaces/node_base_interface.hpp:25[m[K,
                 from [01m[K/opt/ros/bouncy/include/rclcpp/executor.hpp:31[m[K,
                 from [01m[K/opt/ros/bouncy/include/rclcpp/executors/multi_threaded_executor.hpp:24[m[K,
                 from [01m[K/opt/ros/bouncy/include/rclcpp/executors.hpp:21[m[K,
                 from [01m[K/opt/ros/bouncy/include/rclcpp/rclcpp.hpp:144[m[K,
                 from [01m[K/home/qkx515/myros2_ws/src/mylistenercpp/src/listener.cpp:1[m[K:
[01m[K/opt/ros/bouncy/include/rclcpp/any_subscription_callback.hpp:79:8:[m[K [01;36m[Knote: [m[Kcandidate: template<class CallbackT, typename std::enable_if<rclcpp::function_traits::same_arguments<CallbackT, std::function<void(std::shared_ptr<int>)> >::value, void>::type* <anonymous> > void rclcpp::AnySubscriptionCallback<MessageT, Alloc>::set(CallbackT) [with CallbackT = CallbackT; typename std::enable_if<rclcpp::function_traits::same_arguments<CallbackT, std::function<void(std::shared_ptr<_Tp>)> >::value>::type* <anonymous> = <enumerator>; MessageT = int; Alloc = std::allocator<void>]
   void [01;36m[Kset[m[K(CallbackT callback)
        [01;36m[K^~~[m[K
[01m[K/opt/ros/bouncy/include/rclcpp/any_subscription_callback.hpp:79:8:[m[K [01;36m[Knote: [m[K  template argument deduction/substitution failed:
[01m[K/opt/ros/bouncy/include/rclcpp/any_subscription_callback.hpp:77:17:[m[K [01;31m[Kerror: [m[Kno type named ‘[01m[Ktype[m[K’ in ‘[01m[Kstruct std::enable_if<false, void>[m[K’
     >::type * = [01;31m[Knullptr[m[K
                 [01;31m[K^~~~~~~[m[K
[01m[K/opt/ros/bouncy/include/rclcpp/any_subscription_callback.hpp:77:17:[m[K [01;36m[Knote: [m[Kinvalid template non-type parameter
[01m[K/opt/ros/bouncy/include/rclcpp/any_subscription_callback.hpp:93:8:[m[K [01;36m[Knote: [m[Kcandidate: template<class CallbackT, typename std::enable_if<rclcpp::function_traits::same_arguments<CallbackT, std::function<void(std::shared_ptr<int>, const rmw_message_info_t&)> >::value, void>::type* <anonymous> > void rclcpp::AnySubscriptionCallback<MessageT, Alloc>::set(CallbackT) [with CallbackT = CallbackT; typename std::enable_if<rclcpp::function_traits::same_arguments<CallbackT, std::function<void(std::shared_ptr<_Tp>, const rmw_message_info_t&)> >::value>::type* <anonymous> = <enumerator>; MessageT = int; Alloc = std::allocator<void>]
   void [01;36m[Kset[m[K(CallbackT callback)
        [01;36m[K^~~[m[K
[01m[K/opt/ros/bouncy/include/rclcpp/any_subscription_callback.hpp:93:8:[m[K [01;36m[Knote: [m[K  template argument deduction/substitution failed:
[01m[K/opt/ros/bouncy/include/rclcpp/any_subscription_callback.hpp:91:17:[m[K [01;31m[Kerror: [m[Kno type named ‘[01m[Ktype[m[K’ in ‘[01m[Kstruct std::enable_if<false, void>[m[K’
     >::type * = [01;31m[Knullptr[m[K
                 [01;31m[K^~~~~~~[m[K
[01m[K/opt/ros/bouncy/include/rclcpp/any_subscription_callback.hpp:91:17:[m[K [01;36m[Knote: [m[Kinvalid template non-type parameter
[01m[K/opt/ros/bouncy/include/rclcpp/any_subscription_callback.hpp:107:8:[m[K [01;36m[Knote: [m[Kcandidate: template<class CallbackT, typename std::enable_if<rclcpp::function_traits::same_arguments<CallbackT, std::function<void(std::shared_ptr<const int>)> >::value, void>::type* <anonymous> > void rclcpp::AnySubscriptionCallback<MessageT, Alloc>::set(CallbackT) [with CallbackT = CallbackT; typename std::enable_if<rclcpp::function_traits::same_arguments<CallbackT, std::function<void(std::shared_ptr<const _Tp>)> >::value>::type* <anonymous> = <enumerator>; MessageT = int; Alloc = std::allocator<void>]
   void [01;36m[Kset[m[K(CallbackT callback)
        [01;36m[K^~~[m[K
[01m[K/opt/ros/bouncy/include/rclcpp/any_subscription_callback.hpp:107:8:[m[K [01;36m[Knote: [m[K  template argument deduction/substitution failed:
[01m[K/opt/ros/bouncy/include/rclcpp/any_subscription_callback.hpp:105:17:[m[K [01;31m[Kerror: [m[Kno type named ‘[01m[Ktype[m[K’ in ‘[01m[Kstruct std::enable_if<false, void>[m[K’
     >::type * = [01;31m[Knullptr[m[K
                 [01;31m[K^~~~~~~[m[K
[01m[K/opt/ros/bouncy/include/rclcpp/any_subscription_callback.hpp:105:17:[m[K [01;36m[Knote: [m[Kinvalid template non-type parameter
[01m[K/opt/ros/bouncy/include/rclcpp/any_subscription_callback.hpp:121:8:[m[K [01;36m[Knote: [m[Kcandidate: template<class CallbackT, typename std::enable_if<rclcpp::function_traits::same_arguments<CallbackT, std::function<void(std::shared_ptr<const int>, const rmw_message_info_t&)> >::value, void>::type* <anonymous> > void rclcpp::AnySubscriptionCallback<MessageT, Alloc>::set(CallbackT) [with CallbackT = CallbackT; typename std::enable_if<rclcpp::function_traits::same_arguments<CallbackT, std::function<void(std::shared_ptr<const _Tp>, const rmw_message_info_t&)> >::value>::type* <anonymous> = <enumerator>; MessageT = int; Alloc = std::allocator<void>]
   void [01;36m[Kset[m[K(CallbackT callback)
        [01;36m[K^~~[m[K
[01m[K/opt/ros/bouncy/include/rclcpp/any_subscription_callback.hpp:121:8:[m[K [01;36m[Knote: [m[K  template argument deduction/substitution failed:
[01m[K/opt/ros/bouncy/include/rclcpp/any_subscription_callback.hpp:119:17:[m[K [01;31m[Kerror: [m[Kno type named ‘[01m[Ktype[m[K’ in ‘[01m[Kstruct std::enable_if<false, void>[m[K’
     >::type * = [01;31m[Knullptr[m[K
                 [01;31m[K^~~~~~~[m[K
[01m[K/opt/ros/bouncy/include/rclcpp/any_subscription_callback.hpp:119:17:[m[K [01;36m[Knote: [m[Kinvalid template non-type parameter
[01m[K/opt/ros/bouncy/include/rclcpp/any_subscription_callback.hpp:135:8:[m[K [01;36m[Knote: [m[Kcandidate: template<class CallbackT, typename std::enable_if<rclcpp::function_traits::same_arguments<CallbackT, std::function<void(std::unique_ptr<int, std::default_delete<int> >)> >::value, void>::type* <anonymous> > void rclcpp::AnySubscriptionCallback<MessageT, Alloc>::set(CallbackT) [with CallbackT = CallbackT; typename std::enable_if<rclcpp::function_traits::same_arguments<CallbackT, std::function<void(std::unique_ptr<MessageT, typename std::conditional<std::is_same<typename std::allocator_traits<typename std::allocator_traits<_Alloc>::rebind_traits<MessageT>::allocator_type>::rebind_alloc<MessageT>, typename std::allocator<void>::rebind<_Tp1>::other>::value, std::default_delete<_Tp>, rclcpp::allocator::AllocatorDeleter<typename std::allocator_traits<_Alloc>::rebind_traits<MessageT>::allocator_type> >::type>)> >::value>::type* <anonymous> = <enumerator>; MessageT = int; Alloc = std::allocator<void>]
   void [01;36m[Kset[m[K(CallbackT callback)
        [01;36m[K^~~[m[K
[01m[K/opt/ros/bouncy/include/rclcpp/any_subscription_callback.hpp:135:8:[m[K [01;36m[Knote: [m[K  template argument deduction/substitution failed:
[01m[K/opt/ros/bouncy/include/rclcpp/any_subscription_callback.hpp:133:17:[m[K [01;31m[Kerror: [m[Kno type named ‘[01m[Ktype[m[K’ in ‘[01m[Kstruct std::enable_if<false, void>[m[K’
     >::type * = [01;31m[Knullptr[m[K
                 [01;31m[K^~~~~~~[m[K
[01m[K/opt/ros/bouncy/include/rclcpp/any_subscription_callback.hpp:133:17:[m[K [01;36m[Knote: [m[Kinvalid template non-type parameter
[01m[K/opt/ros/bouncy/include/rclcpp/any_subscription_callback.hpp:149:8:[m[K [01;36m[Knote: [m[Kcandidate: template<class CallbackT, typename std::enable_if<rclcpp::function_traits::same_arguments<CallbackT, std::function<void(std::unique_ptr<int, std::default_delete<int> >, const rmw_message_info_t&)> >::value, void>::type* <anonymous> > void rclcpp::AnySubscriptionCallback<MessageT, Alloc>::set(CallbackT) [with CallbackT = CallbackT; typename std::enable_if<rclcpp::function_traits::same_arguments<CallbackT, std::function<void(std::unique_ptr<MessageT, typename std::conditional<std::is_same<typename std::allocator_traits<typename std::allocator_traits<_Alloc>::rebind_traits<MessageT>::allocator_type>::rebind_alloc<MessageT>, typename std::allocator<void>::rebind<_Tp1>::other>::value, std::default_delete<_Tp>, rclcpp::allocator::AllocatorDeleter<typename std::allocator_traits<_Alloc>::rebind_traits<MessageT>::allocator_type> >::type>, const rmw_message_info_t&)> >::value>::type* <anonymous> = <enumerator>; MessageT = int; Alloc = std::allocator<void>]
   void [01;36m[Kset[m[K(CallbackT callback)
        [01;36m[K^~~[m[K
[01m[K/opt/ros/bouncy/include/rclcpp/any_subscription_callback.hpp:149:8:[m[K [01;36m[Knote: [m[K  template argument deduction/substitution failed:
[01m[K/opt/ros/bouncy/include/rclcpp/any_subscription_callback.hpp:147:17:[m[K [01;31m[Kerror: [m[Kno type named ‘[01m[Ktype[m[K’ in ‘[01m[Kstruct std::enable_if<false, void>[m[K’
     >::type * = [01;31m[Knullptr[m[K
                 [01;31m[K^~~~~~~[m[K
[01m[K/opt/ros/bouncy/include/rclcpp/any_subscription_callback.hpp:147:17:[m[K [01;36m[Knote: [m[Kinvalid template non-type parameter
In file included from [01m[K/opt/ros/bouncy/include/rclcpp/node_interfaces/node_topics_interface.hpp:29:0[m[K,
                 from [01m[K/opt/ros/bouncy/include/rclcpp/node.hpp:51[m[K,
                 from [01m[K/opt/ros/bouncy/include/rclcpp/executors/single_threaded_executor.hpp:28[m[K,
                 from [01m[K/opt/ros/bouncy/include/rclcpp/executors.hpp:22[m[K,
                 from [01m[K/opt/ros/bouncy/include/rclcpp/rclcpp.hpp:144[m[K,
                 from [01m[K/home/qkx515/myros2_ws/src/mylistenercpp/src/listener.cpp:1[m[K:
[01m[K/opt/ros/bouncy/include/rclcpp/subscription_factory.hpp:118:31:[m[K [01;31m[Kerror: [m[Kno match for ‘[01m[Koperator=[m[K’ (operand types are ‘[01m[Krclcpp::SubscriptionFactory::SetupIntraProcessFunction {aka std::function<void(std::shared_ptr<rclcpp::intra_process_manager::IntraProcessManager>, std::shared_ptr<rclcpp::SubscriptionBase>, const rcl_subscription_options_t&)>}[m[K’ and ‘[01m[Krclcpp::create_subscription_factory(CallbackT&&, typename rclcpp::message_memory_strategy::MessageMemoryStrategy<CallbackMessageT, Alloc>::SharedPtr, std::shared_ptr<PublisherT>) [with MessageT = std_msgs::msg::String_<std::allocator<void> >; CallbackT = std::_Bind<void (Listener::*(Listener*, std::_Placeholder<1>))(int)>; Alloc = std::allocator<void>; CallbackMessageT = int; SubscriptionT = rclcpp::Subscription<int, std::allocator<void> >; typename rclcpp::message_memory_strategy::MessageMemoryStrategy<CallbackMessageT, Alloc>::SharedPtr = std::shared_ptr<rclcpp::message_memory_strategy::MessageMemoryStrategy<int, std::allocator<void> > >]::<lambda(rclcpp::intra_process_manager::IntraProcessManager::SharedPtr, rclcpp::SubscriptionBase::SharedPtr, const rcl_subscription_options_t&)>[m[K’)
   factory.setup_intra_process =
In file included from [01m[K/usr/include/c++/7/future:48:0[m[K,
                 from [01m[K/opt/ros/bouncy/include/rclcpp/executors.hpp:18[m[K,
                 from [01m[K/opt/ros/bouncy/include/rclcpp/rclcpp.hpp:144[m[K,
                 from [01m[K/home/qkx515/myros2_ws/src/mylistenercpp/src/listener.cpp:1[m[K:
[01m[K/usr/include/c++/7/bits/std_function.h:480:7:[m[K [01;36m[Knote: [m[Kcandidate: std::function<_Res(_ArgTypes ...)>& std::function<_Res(_ArgTypes ...)>::operator=(const std::function<_Res(_ArgTypes ...)>&) [with _Res = void; _ArgTypes = {std::shared_ptr<rclcpp::intra_process_manager::IntraProcessManager>, std::shared_ptr<rclcpp::SubscriptionBase>, const rcl_subscription_options_t&}]
       [01;36m[Koperator[m[K=(const function& __x)
       [01;36m[K^~~~~~~~[m[K
[01m[K/usr/include/c++/7/bits/std_function.h:480:7:[m[K [01;36m[Knote: [m[K  no known conversion for argument 1 from ‘[01m[Krclcpp::create_subscription_factory(CallbackT&&, typename rclcpp::message_memory_strategy::MessageMemoryStrategy<CallbackMessageT, Alloc>::SharedPtr, std::shared_ptr<PublisherT>) [with MessageT = std_msgs::msg::String_<std::allocator<void> >; CallbackT = std::_Bind<void (Listener::*(Listener*, std::_Placeholder<1>))(int)>; Alloc = std::allocator<void>; CallbackMessageT = int; SubscriptionT = rclcpp::Subscription<int, std::allocator<void> >; typename rclcpp::message_memory_strategy::MessageMemoryStrategy<CallbackMessageT, Alloc>::SharedPtr = std::shared_ptr<rclcpp::message_memory_strategy::MessageMemoryStrategy<int, std::allocator<void> > >]::<lambda(rclcpp::intra_process_manager::IntraProcessManager::SharedPtr, rclcpp::SubscriptionBase::SharedPtr, const rcl_subscription_options_t&)>[m[K’ to ‘[01m[Kconst std::function<void(std::shared_ptr<rclcpp::intra_process_manager::IntraProcessManager>, std::shared_ptr<rclcpp::SubscriptionBase>, const rcl_subscription_options_t&)>&[m[K’
[01m[K/usr/include/c++/7/bits/std_function.h:498:7:[m[K [01;36m[Knote: [m[Kcandidate: std::function<_Res(_ArgTypes ...)>& std::function<_Res(_ArgTypes ...)>::operator=(std::function<_Res(_ArgTypes ...)>&&) [with _Res = void; _ArgTypes = {std::shared_ptr<rclcpp::intra_process_manager::IntraProcessManager>, std::shared_ptr<rclcpp::SubscriptionBase>, const rcl_subscription_options_t&}]
       [01;36m[Koperator[m[K=(function&& __x) noexcept
       [01;36m[K^~~~~~~~[m[K
[01m[K/usr/include/c++/7/bits/std_function.h:498:7:[m[K [01;36m[Knote: [m[K  no known conversion for argument 1 from ‘[01m[Krclcpp::create_subscription_factory(CallbackT&&, typename rclcpp::message_memory_strategy::MessageMemoryStrategy<CallbackMessageT, Alloc>::SharedPtr, std::shared_ptr<PublisherT>) [with MessageT = std_msgs::msg::String_<std::allocator<void> >; CallbackT = std::_Bind<void (Listener::*(Listener*, std::_Placeholder<1>))(int)>; Alloc = std::allocator<void>; CallbackMessageT = int; SubscriptionT = rclcpp::Subscription<int, std::allocator<void> >; typename rclcpp::message_memory_strategy::MessageMemoryStrategy<CallbackMessageT, Alloc>::SharedPtr = std::shared_ptr<rclcpp::message_memory_strategy::MessageMemoryStrategy<int, std::allocator<void> > >]::<lambda(rclcpp::intra_process_manager::IntraProcessManager::SharedPtr, rclcpp::SubscriptionBase::SharedPtr, const rcl_subscription_options_t&)>[m[K’ to ‘[01m[Kstd::function<void(std::shared_ptr<rclcpp::intra_process_manager::IntraProcessManager>, std::shared_ptr<rclcpp::SubscriptionBase>, const rcl_subscription_options_t&)>&&[m[K’
[01m[K/usr/include/c++/7/bits/std_function.h:512:7:[m[K [01;36m[Knote: [m[Kcandidate: std::function<_Res(_ArgTypes ...)>& std::function<_Res(_ArgTypes ...)>::operator=(std::nullptr_t) [with _Res = void; _ArgTypes = {std::shared_ptr<rclcpp::intra_process_manager::IntraProcessManager>, std::shared_ptr<rclcpp::SubscriptionBase>, const rcl_subscription_options_t&}; std::nullptr_t = std::nullptr_t]
       [01;36m[Koperator[m[K=(nullptr_t) noexcept
       [01;36m[K^~~~~~~~[m[K
[01m[K/usr/include/c++/7/bits/std_function.h:512:7:[m[K [01;36m[Knote: [m[K  no known conversion for argument 1 from ‘[01m[Krclcpp::create_subscription_factory(CallbackT&&, typename rclcpp::message_memory_strategy::MessageMemoryStrategy<CallbackMessageT, Alloc>::SharedPtr, std::shared_ptr<PublisherT>) [with MessageT = std_msgs::msg::String_<std::allocator<void> >; CallbackT = std::_Bind<void (Listener::*(Listener*, std::_Placeholder<1>))(int)>; Alloc = std::allocator<void>; CallbackMessageT = int; SubscriptionT = rclcpp::Subscription<int, std::allocator<void> >; typename rclcpp::message_memory_strategy::MessageMemoryStrategy<CallbackMessageT, Alloc>::SharedPtr = std::shared_ptr<rclcpp::message_memory_strategy::MessageMemoryStrategy<int, std::allocator<void> > >]::<lambda(rclcpp::intra_process_manager::IntraProcessManager::SharedPtr, rclcpp::SubscriptionBase::SharedPtr, const rcl_subscription_options_t&)>[m[K’ to ‘[01m[Kstd::nullptr_t[m[K’
[01m[K/usr/include/c++/7/bits/std_function.h:541:2:[m[K [01;36m[Knote: [m[Kcandidate: template<class _Functor> std::function<_Res(_ArgTypes ...)>::_Requires<std::function<_Res(_ArgTypes ...)>::_Callable<typename std::decay<_U1>::type>, std::function<_Res(_ArgTypes ...)>&> std::function<_Res(_ArgTypes ...)>::operator=(_Functor&&) [with _Functor = _Functor; _Res = void; _ArgTypes = {std::shared_ptr<rclcpp::intra_process_manager::IntraProcessManager>, std::shared_ptr<rclcpp::SubscriptionBase>, const rcl_subscription_options_t&}]
  [01;36m[Koperator[m[K=(_Functor&& __f)
  [01;36m[K^~~~~~~~[m[K
[01m[K/usr/include/c++/7/bits/std_function.h:541:2:[m[K [01;36m[Knote: [m[K  template argument deduction/substitution failed:
/usr/include/c++/7/bits/std_function.h: In substitution of ‘[01m[Ktemplate<class _Functor> std::function<void(std::shared_ptr<rclcpp::intra_process_manager::IntraProcessManager>, std::shared_ptr<rclcpp::SubscriptionBase>, const rcl_subscription_options_t&)>::_Requires<std::function<void(std::shared_ptr<rclcpp::intra_process_manager::IntraProcessManager>, std::shared_ptr<rclcpp::SubscriptionBase>, const rcl_subscription_options_t&)>::_Callable<typename std::decay<_Tp>::type, typename std::result_of<typename std::decay<_Tp>::type&(std::shared_ptr<rclcpp::intra_process_manager::IntraProcessManager>, std::shared_ptr<rclcpp::SubscriptionBase>, const rcl_subscription_options_t&)>::type>, std::function<void(std::shared_ptr<rclcpp::intra_process_manager::IntraProcessManager>, std::shared_ptr<rclcpp::SubscriptionBase>, const rcl_subscription_options_t&)>&> std::function<void(std::shared_ptr<rclcpp::intra_process_manager::IntraProcessManager>, std::shared_ptr<rclcpp::SubscriptionBase>, const rcl_subscription_options_t&)>::operator=<_Functor>(_Functor&&) [with _Functor = rclcpp::create_subscription_factory(CallbackT&&, typename rclcpp::message_memory_strategy::MessageMemoryStrategy<CallbackMessageT, Alloc>::SharedPtr, std::shared_ptr<PublisherT>) [with MessageT = std_msgs::msg::String_<std::allocator<void> >; CallbackT = std::_Bind<void (Listener::*(Listener*, std::_Placeholder<1>))(int)>; Alloc = std::allocator<void>; CallbackMessageT = int; SubscriptionT = rclcpp::Subscription<int, std::allocator<void> >; typename rclcpp::message_memory_strategy::MessageMemoryStrategy<CallbackMessageT, Alloc>::SharedPtr = std::shared_ptr<rclcpp::message_memory_strategy::MessageMemoryStrategy<int, std::allocator<void> > >]::<lambda(rclcpp::intra_process_manager::IntraProcessManager::SharedPtr, rclcpp::SubscriptionBase::SharedPtr, const rcl_subscription_options_t&)>][m[K’:
[01m[K/opt/ros/bouncy/include/rclcpp/subscription_factory.hpp:118:31:[m[K   required from ‘[01m[Krclcpp::SubscriptionFactory rclcpp::create_subscription_factory(CallbackT&&, typename rclcpp::message_memory_strategy::MessageMemoryStrategy<CallbackMessageT, Alloc>::SharedPtr, std::shared_ptr<PublisherT>) [with MessageT = std_msgs::msg::String_<std::allocator<void> >; CallbackT = std::_Bind<void (Listener::*(Listener*, std::_Placeholder<1>))(int)>; Alloc = std::allocator<void>; CallbackMessageT = int; SubscriptionT = rclcpp::Subscription<int, std::allocator<void> >; typename rclcpp::message_memory_strategy::MessageMemoryStrategy<CallbackMessageT, Alloc>::SharedPtr = std::shared_ptr<rclcpp::message_memory_strategy::MessageMemoryStrategy<int, std::allocator<void> > >][m[K’
[01m[K/opt/ros/bouncy/include/rclcpp/create_subscription.hpp:54:71:[m[K   required from ‘[01m[Kstd::shared_ptr<SubscriptionT> rclcpp::create_subscription(rclcpp::node_interfaces::NodeTopicsInterface*, const string&, CallbackT&&, const rmw_qos_profile_t&, rclcpp::callback_group::CallbackGroup::SharedPtr, bool, bool, typename rclcpp::message_memory_strategy::MessageMemoryStrategy<CallbackMessageT, Alloc>::SharedPtr, std::shared_ptr<PublisherT>) [with MessageT = std_msgs::msg::String_<std::allocator<void> >; CallbackT = std::_Bind<void (Listener::*(Listener*, std::_Placeholder<1>))(int)>; AllocatorT = std::allocator<void>; CallbackMessageT = int; SubscriptionT = rclcpp::Subscription<int, std::allocator<void> >; std::__cxx11::string = std::__cxx11::basic_string<char>; rmw_qos_profile_t = rmw_qos_profile_t; rclcpp::callback_group::CallbackGroup::SharedPtr = std::shared_ptr<rclcpp::callback_group::CallbackGroup>; typename rclcpp::message_memory_strategy::MessageMemoryStrategy<CallbackMessageT, Alloc>::SharedPtr = std::shared_ptr<rclcpp::message_memory_strategy::MessageMemoryStrategy<int, std::allocator<void> > >][m[K’
[01m[K/opt/ros/bouncy/include/rclcpp/node_impl.hpp:113:98:[m[K   required from ‘[01m[Kstd::shared_ptr<SubscriptionT> rclcpp::Node::create_subscription(const string&, CallbackT&&, const rmw_qos_profile_t&, rclcpp::callback_group::CallbackGroup::SharedPtr, bool, typename rclcpp::message_memory_strategy::MessageMemoryStrategy<typename rclcpp::subscription_traits::has_message_type<CallbackT>::type, Alloc>::SharedPtr, std::shared_ptr<PublisherT>) [with MessageT = std_msgs::msg::String_<std::allocator<void> >; CallbackT = std::_Bind<void (Listener::*(Listener*, std::_Placeholder<1>))(int)>; Alloc = std::allocator<void>; SubscriptionT = rclcpp::Subscription<int, std::allocator<void> >; std::__cxx11::string = std::__cxx11::basic_string<char>; rmw_qos_profile_t = rmw_qos_profile_t; rclcpp::callback_group::CallbackGroup::SharedPtr = std::shared_ptr<rclcpp::callback_group::CallbackGroup>; typename rclcpp::message_memory_strategy::MessageMemoryStrategy<typename rclcpp::subscription_traits::has_message_type<CallbackT>::type, Alloc>::SharedPtr = std::shared_ptr<rclcpp::message_memory_strategy::MessageMemoryStrategy<int, std::allocator<void> > >][m[K’
[01m[K/home/qkx515/myros2_ws/src/mylistenercpp/src/listener.cpp:13:78:[m[K   required from here
[01m[K/usr/include/c++/7/bits/std_function.h:541:2:[m[K [01;31m[Kerror: [m[Kno type named ‘[01m[Ktype[m[K’ in ‘[01m[Kclass std::result_of<rclcpp::create_subscription_factory(CallbackT&&, typename rclcpp::message_memory_strategy::MessageMemoryStrategy<CallbackMessageT, Alloc>::SharedPtr, std::shared_ptr<PublisherT>) [with MessageT = std_msgs::msg::String_<std::allocator<void> >; CallbackT = std::_Bind<void (Listener::*(Listener*, std::_Placeholder<1>))(int)>; Alloc = std::allocator<void>; CallbackMessageT = int; SubscriptionT = rclcpp::Subscription<int, std::allocator<void> >; typename rclcpp::message_memory_strategy::MessageMemoryStrategy<CallbackMessageT, Alloc>::SharedPtr = std::shared_ptr<rclcpp::message_memory_strategy::MessageMemoryStrategy<int, std::allocator<void> > >]::<lambda(rclcpp::intra_process_manager::IntraProcessManager::SharedPtr, rclcpp::SubscriptionBase::SharedPtr, const rcl_subscription_options_t&)>&(std::shared_ptr<rclcpp::intra_process_manager::IntraProcessManager>, std::shared_ptr<rclcpp::SubscriptionBase>, const rcl_subscription_options_t&)>[m[K’
/opt/ros/bouncy/include/rclcpp/subscription_factory.hpp: In instantiation of ‘[01m[Krclcpp::SubscriptionFactory rclcpp::create_subscription_factory(CallbackT&&, typename rclcpp::message_memory_strategy::MessageMemoryStrategy<CallbackMessageT, Alloc>::SharedPtr, std::shared_ptr<PublisherT>) [with MessageT = std_msgs::msg::String_<std::allocator<void> >; CallbackT = std::_Bind<void (Listener::*(Listener*, std::_Placeholder<1>))(int)>; Alloc = std::allocator<void>; CallbackMessageT = int; SubscriptionT = rclcpp::Subscription<int, std::allocator<void> >; typename rclcpp::message_memory_strategy::MessageMemoryStrategy<CallbackMessageT, Alloc>::SharedPtr = std::shared_ptr<rclcpp::message_memory_strategy::MessageMemoryStrategy<int, std::allocator<void> > >][m[K’:
[01m[K/opt/ros/bouncy/include/rclcpp/create_subscription.hpp:54:71:[m[K   required from ‘[01m[Kstd::shared_ptr<SubscriptionT> rclcpp::create_subscription(rclcpp::node_interfaces::NodeTopicsInterface*, const string&, CallbackT&&, const rmw_qos_profile_t&, rclcpp::callback_group::CallbackGroup::SharedPtr, bool, bool, typename rclcpp::message_memory_strategy::MessageMemoryStrategy<CallbackMessageT, Alloc>::SharedPtr, std::shared_ptr<PublisherT>) [with MessageT = std_msgs::msg::String_<std::allocator<void> >; CallbackT = std::_Bind<void (Listener::*(Listener*, std::_Placeholder<1>))(int)>; AllocatorT = std::allocator<void>; CallbackMessageT = int; SubscriptionT = rclcpp::Subscription<int, std::allocator<void> >; std::__cxx11::string = std::__cxx11::basic_string<char>; rmw_qos_profile_t = rmw_qos_profile_t; rclcpp::callback_group::CallbackGroup::SharedPtr = std::shared_ptr<rclcpp::callback_group::CallbackGroup>; typename rclcpp::message_memory_strategy::MessageMemoryStrategy<CallbackMessageT, Alloc>::SharedPtr = std::shared_ptr<rclcpp::message_memory_strategy::MessageMemoryStrategy<int, std::allocator<void> > >][m[K’
[01m[K/opt/ros/bouncy/include/rclcpp/node_impl.hpp:113:98:[m[K   required from ‘[01m[Kstd::shared_ptr<SubscriptionT> rclcpp::Node::create_subscription(const string&, CallbackT&&, const rmw_qos_profile_t&, rclcpp::callback_group::CallbackGroup::SharedPtr, bool, typename rclcpp::message_memory_strategy::MessageMemoryStrategy<typename rclcpp::subscription_traits::has_message_type<CallbackT>::type, Alloc>::SharedPtr, std::shared_ptr<PublisherT>) [with MessageT = std_msgs::msg::String_<std::allocator<void> >; CallbackT = std::_Bind<void (Listener::*(Listener*, std::_Placeholder<1>))(int)>; Alloc = std::allocator<void>; SubscriptionT = rclcpp::Subscription<int, std::allocator<void> >; std::__cxx11::string = std::__cxx11::basic_string<char>; rmw_qos_profile_t = rmw_qos_profile_t; rclcpp::callback_group::CallbackGroup::SharedPtr = std::shared_ptr<rclcpp::callback_group::CallbackGroup>; typename rclcpp::message_memory_strategy::MessageMemoryStrategy<typename rclcpp::subscription_traits::has_message_type<CallbackT>::type, Alloc>::SharedPtr = std::shared_ptr<rclcpp::message_memory_strategy::MessageMemoryStrategy<int, std::allocator<void> > >][m[K’
[01m[K/home/qkx515/myros2_ws/src/mylistenercpp/src/listener.cpp:13:78:[m[K   required from here
[01m[K/usr/include/c++/7/bits/std_function.h:550:2:[m[K [01;36m[Knote: [m[Kcandidate: template<class _Functor> std::function<_Res(_ArgTypes ...)>& std::function<_Res(_ArgTypes ...)>::operator=(std::reference_wrapper<_Functor>) [with _Functor = _Functor; _Res = void; _ArgTypes = {std::shared_ptr<rclcpp::intra_process_manager::IntraProcessManager>, std::shared_ptr<rclcpp::SubscriptionBase>, const rcl_subscription_options_t&}]
  [01;36m[Koperator[m[K=(reference_wrapper<_Functor> __f) noexcept
  [01;36m[K^~~~~~~~[m[K
[01m[K/usr/include/c++/7/bits/std_function.h:550:2:[m[K [01;36m[Knote: [m[K  template argument deduction/substitution failed:
In file included from [01m[K/opt/ros/bouncy/include/rclcpp/node_interfaces/node_topics_interface.hpp:29:0[m[K,
                 from [01m[K/opt/ros/bouncy/include/rclcpp/node.hpp:51[m[K,
                 from [01m[K/opt/ros/bouncy/include/rclcpp/executors/single_threaded_executor.hpp:28[m[K,
                 from [01m[K/opt/ros/bouncy/include/rclcpp/executors.hpp:22[m[K,
                 from [01m[K/opt/ros/bouncy/include/rclcpp/rclcpp.hpp:144[m[K,
                 from [01m[K/home/qkx515/myros2_ws/src/mylistenercpp/src/listener.cpp:1[m[K:
[01m[K/opt/ros/bouncy/include/rclcpp/subscription_factory.hpp:118:31:[m[K [01;36m[Knote: [m[K  ‘[01m[Krclcpp::create_subscription_factory(CallbackT&&, typename rclcpp::message_memory_strategy::MessageMemoryStrategy<CallbackMessageT, Alloc>::SharedPtr, std::shared_ptr<PublisherT>) [with MessageT = std_msgs::msg::String_<std::allocator<void> >; CallbackT = std::_Bind<void (Listener::*(Listener*, std::_Placeholder<1>))(int)>; Alloc = std::allocator<void>; CallbackMessageT = int; SubscriptionT = rclcpp::Subscription<int, std::allocator<void> >; typename rclcpp::message_memory_strategy::MessageMemoryStrategy<CallbackMessageT, Alloc>::SharedPtr = std::shared_ptr<rclcpp::message_memory_strategy::MessageMemoryStrategy<int, std::allocator<void> > >]::<lambda(rclcpp::intra_process_manager::IntraProcessManager::SharedPtr, rclcpp::SubscriptionBase::SharedPtr, const rcl_subscription_options_t&)>[m[K’ is not derived from ‘[01m[Kstd::reference_wrapper<_Tp>[m[K’
   factory.setup_intra_process =
In file included from [01m[K/usr/include/c++/7/future:48:0[m[K,
                 from [01m[K/opt/ros/bouncy/include/rclcpp/executors.hpp:18[m[K,
                 from [01m[K/opt/ros/bouncy/include/rclcpp/rclcpp.hpp:144[m[K,
                 from [01m[K/home/qkx515/myros2_ws/src/mylistenercpp/src/listener.cpp:1[m[K:
[01m[K/usr/include/c++/7/bits/std_function.h:[m[K At global scope:
[01m[K/usr/include/c++/7/bits/std_function.h:541:2:[m[K [01;31m[Kerror: [m[K‘[01m[Kstd::function<_Res(_ArgTypes ...)>::_Requires<std::function<_Res(_ArgTypes ...)>::_Callable<typename std::decay<_U1>::type>, std::function<_Res(_ArgTypes ...)>&> std::function<_Res(_ArgTypes ...)>::operator=(_Functor&&) [with _Functor = rclcpp::create_subscription_factory(CallbackT&&, typename rclcpp::message_memory_strategy::MessageMemoryStrategy<CallbackMessageT, Alloc>::SharedPtr, std::shared_ptr<PublisherT>) [with MessageT = std_msgs::msg::String_<std::allocator<void> >; CallbackT = std::_Bind<void (Listener::*(Listener*, std::_Placeholder<1>))(int)>; Alloc = std::allocator<void>; CallbackMessageT = int; SubscriptionT = rclcpp::Subscription<int, std::allocator<void> >; typename rclcpp::message_memory_strategy::MessageMemoryStrategy<CallbackMessageT, Alloc>::SharedPtr = std::shared_ptr<rclcpp::message_memory_strategy::MessageMemoryStrategy<int, std::allocator<void> > >]::<lambda(rclcpp::node_interfaces::NodeBaseInterface*, const string&, rcl_subscription_options_t&)>; _Res = std::shared_ptr<rclcpp::SubscriptionBase>; _ArgTypes = {rclcpp::node_interfaces::NodeBaseInterface*, const std::__cxx11::basic_string<char, std::char_traits<char>, std::allocator<char> >&, rcl_subscription_options_t&}; std::function<_Res(_ArgTypes ...)>::_Requires<std::function<_Res(_ArgTypes ...)>::_Callable<typename std::decay<_U1>::type>, std::function<_Res(_ArgTypes ...)>&> = std::function<std::shared_ptr<rclcpp::SubscriptionBase>(rclcpp::node_interfaces::NodeBaseInterface*, const std::__cxx11::basic_string<char>&, rcl_subscription_options_t&)>&][m[K’, declared using local type ‘[01m[Krclcpp::create_subscription_factory(CallbackT&&, typename rclcpp::message_memory_strategy::MessageMemoryStrategy<CallbackMessageT, Alloc>::SharedPtr, std::shared_ptr<PublisherT>) [with MessageT = std_msgs::msg::String_<std::allocator<void> >; CallbackT = std::_Bind<void (Listener::*(Listener*, std::_Placeholder<1>))(int)>; Alloc = std::allocator<void>; CallbackMessageT = int; SubscriptionT = rclcpp::Subscription<int, std::allocator<void> >; typename rclcpp::message_memory_strategy::MessageMemoryStrategy<CallbackMessageT, Alloc>::SharedPtr = std::shared_ptr<rclcpp::message_memory_strategy::MessageMemoryStrategy<int, std::allocator<void> > >]::<lambda(rclcpp::node_interfaces::NodeBaseInterface*, const string&, rcl_subscription_options_t&)>[m[K’, is used but never defined [[01;31m[K-fpermissive[m[K]
  [01;31m[Koperator[m[K=(_Functor&& __f)
  [01;31m[K^~~~~~~~[m[K
CMakeFiles/listener.dir/build.make:62: recipe for target 'CMakeFiles/listener.dir/src/listener.cpp.o' failed
make[2]: *** [CMakeFiles/listener.dir/src/listener.cpp.o] Error 1
CMakeFiles/Makefile2:291: recipe for target 'CMakeFiles/listener.dir/all' failed
make[1]: *** [CMakeFiles/listener.dir/all] Error 2
make: *** [all] Error 2
Makefile:140: recipe for target 'all' failed
Invoked command in '/home/qkx515/myros2_ws/build/mylistenercpp' returned '2': /usr/bin/cmake --build /home/qkx515/myros2_ws/build/mylistenercpp -- -j4 -l4
