running develop
running egg_info
creating examples_rclpy_minimal_publisher.egg-info
writing examples_rclpy_minimal_publisher.egg-info/PKG-INFO
writing dependency_links to examples_rclpy_minimal_publisher.egg-info/dependency_links.txt
writing entry points to examples_rclpy_minimal_publisher.egg-info/entry_points.txt
writing requirements to examples_rclpy_minimal_publisher.egg-info/requires.txt
writing top-level names to examples_rclpy_minimal_publisher.egg-info/top_level.txt
writing manifest file 'examples_rclpy_minimal_publisher.egg-info/SOURCES.txt'
reading manifest file 'examples_rclpy_minimal_publisher.egg-info/SOURCES.txt'
writing manifest file 'examples_rclpy_minimal_publisher.egg-info/SOURCES.txt'
running build_ext
Creating /home/qkx515/myros2_ws/install/examples_rclpy_minimal_publisher/lib/python3.6/site-packages/site.py
Creating /home/qkx515/myros2_ws/install/examples_rclpy_minimal_publisher/lib/python3.6/site-packages/examples-rclpy-minimal-publisher.egg-link (link to .)
Adding examples-rclpy-minimal-publisher 0.0.0 to easy-install.pth file
Installing publisher_local_function script to /home/qkx515/myros2_ws/install/examples_rclpy_minimal_publisher/lib/examples_rclpy_minimal_publisher
Installing publisher_member_function script to /home/qkx515/myros2_ws/install/examples_rclpy_minimal_publisher/lib/examples_rclpy_minimal_publisher
Installing publisher_old_school script to /home/qkx515/myros2_ws/install/examples_rclpy_minimal_publisher/lib/examples_rclpy_minimal_publisher

Installed /home/qkx515/myros2_ws/build/examples_rclpy_minimal_publisher
running install_data
